

================================================================
== Vivado HLS Report for 'memory_scanner'
================================================================
* Date:           Wed Jan 20 15:46:51 2016

* Version:        2014.1 (build date: Fri Apr 04 13:20:25 PM 2014)
* Project:        memory_scanner
* Solution:       solution1
* Product family: zynq zynq_fpv6 
* Target device:  xc7z020clg484-1


================================================================
== Performance Estimates
================================================================
+ Timing (ns): 
    * Summary: 
    +---------+-------+----------+------------+
    |  Clock  | Target| Estimated| Uncertainty|
    +---------+-------+----------+------------+
    |default  |  10.00|      8.75|        1.25|
    +---------+-------+----------+------------+

+ Latency (clock cycles): 
    * Summary: 
    +------------+------------+------------+------------+---------+
    |         Latency         |         Interval        | Pipeline|
    |     min    |     max    |     min    |     max    |   Type  |
    +------------+------------+------------+------------+---------+
    |  3221225473|  3221225473|  3221225474|  3221225474|   none  |
    +------------+------------+------------+------------+---------+

    + Detail: 
        * Instance: 
        N/A

        * Loop: 
        +----------+------------+------------+----------+-----------+-----------+------------+----------+
        |          |         Latency         | Iteration|  Initiation Interval  |    Trip    |          |
        | Loop Name|     min    |     max    |  Latency |  achieved |   target  |    Count   | Pipelined|
        +----------+------------+------------+----------+-----------+-----------+------------+----------+
        |- Loop 1  |  3221225472|  3221225472|         3|          -|          -|  1073741824|    no    |
        +----------+------------+------------+----------+-----------+-----------+------------+----------+



================================================================
== Utilization Estimates
================================================================
* Summary: 
+-----------------+---------+-------+--------+-------+
|       Name      | BRAM_18K| DSP48E|   FF   |  LUT  |
+-----------------+---------+-------+--------+-------+
|Expression       |        -|      -|       0|    309|
|FIFO             |        -|      -|       -|      -|
|Instance         |        -|      -|       -|      -|
|Memory           |        -|      -|       -|      -|
|Multiplexer      |        -|      -|       -|    167|
|Register         |        -|      -|     177|      -|
+-----------------+---------+-------+--------+-------+
|Total            |        0|      0|     177|    476|
+-----------------+---------+-------+--------+-------+
|Available        |      280|    220|  106400|  53200|
+-----------------+---------+-------+--------+-------+
|Utilization (%)  |        0|      0|   ~0   |   ~0  |
+-----------------+---------+-------+--------+-------+

+ Detail: 
    * Instance: 
    N/A

    * Memory: 
    N/A

    * FIFO: 
    N/A

    * Expression: 
    +----------------------------+----------+-------+---+----+------------+------------+
    |        Variable Name       | Operation| DSP48E| FF| LUT| Bitwidth P0| Bitwidth P1|
    +----------------------------+----------+-------+---+----+------------+------------+
    |count_0_fu_401_p2           |     +    |      0|  0|  32|          32|           1|
    |tmp_4_fu_371_p2             |     +    |      0|  0|  32|          32|           1|
    |tmp_8_fu_345_p2             |     +    |      0|  0|  31|          31|           1|
    |count_0_1_fu_407_p3         |  Select  |      0|  0|  32|           1|          32|
    |count_0_2_fu_423_p3         |  Select  |      0|  0|  32|           1|          32|
    |search_index_0_1_fu_415_p3  |  Select  |      0|  0|  32|           1|           1|
    |search_index_0_fu_377_p3    |  Select  |      0|  0|  32|           1|          32|
    |ap_sig_bdd_369              |    and   |      0|  0|   1|           1|           1|
    |ap_sig_bdd_444              |    and   |      0|  0|   1|           1|           1|
    |exitcond1_fu_339_p2         |   icmp   |      0|  0|  40|          31|          32|
    |icmp_fu_395_p2              |   icmp   |      0|  0|  35|          28|           1|
    |tmp_3_fu_366_p2             |   icmp   |      0|  0|   8|           8|           8|
    |ap_sig_bdd_366              |    or    |      0|  0|   1|           1|           1|
    +----------------------------+----------+-------+---+----+------------+------------+
    |Total                       |          |      0|  0| 309|         169|         144|
    +----------------------------+----------+-------+---+----+------------+------------+

    * Multiplexer: 
    +--------------------------------+----+-----------+-----+-----------+
    |              Name              | LUT| Input Size| Bits| Total Bits|
    +--------------------------------+----+-----------+-----+-----------+
    |count_reg_251                   |  32|          2|   32|         64|
    |j_reg_288                       |  31|          2|   31|         62|
    |search_index_reg_263            |  32|          2|   32|         64|
    |search_string_load_phi_reg_299  |  40|         17|    8|        136|
    |tmp_reg_275                     |  32|          2|   32|         64|
    +--------------------------------+----+-----------+-----+-----------+
    |Total                           | 167|         25|  135|        390|
    +--------------------------------+----+-----------+-----+-----------+

    * Register: 
    +--------------------------------+----+----+-----+-----------+
    |              Name              | FF | LUT| Bits| Const Bits|
    +--------------------------------+----+----+-----+-----------+
    |ap_CS_fsm                       |   2|   0|    2|          0|
    |ap_reg_ioackin_ddr_ARREADY      |   1|   0|    1|          0|
    |count_reg_251                   |  32|   0|   32|          0|
    |ddr_addr_read_reg_445           |   8|   0|    8|          0|
    |j_reg_288                       |  31|   0|   31|          0|
    |search_index_reg_263            |  32|   0|   32|          0|
    |search_string_load_phi_reg_299  |   8|   0|    8|          0|
    |tmp_8_reg_434                   |  31|   0|   31|          0|
    |tmp_reg_275                     |  32|   0|   32|          0|
    +--------------------------------+----+----+-----+-----------+
    |Total                           | 177|   0|  177|          0|
    +--------------------------------+----+----+-----+-----------+



================================================================
== Interface
================================================================
* Summary: 
+------------------------+-----+-----+------------+----------------+--------------+
|        RTL Ports       | Dir | Bits|  Protocol  |  Source Object |    C Type    |
+------------------------+-----+-----+------------+----------------+--------------+
|s_axi_AXILiteS_AWVALID  |  in |    1|    s_axi   |    AXILiteS    |    pointer   |
|s_axi_AXILiteS_AWREADY  | out |    1|    s_axi   |    AXILiteS    |    pointer   |
|s_axi_AXILiteS_AWADDR   |  in |    8|    s_axi   |    AXILiteS    |    pointer   |
|s_axi_AXILiteS_WVALID   |  in |    1|    s_axi   |    AXILiteS    |    pointer   |
|s_axi_AXILiteS_WREADY   | out |    1|    s_axi   |    AXILiteS    |    pointer   |
|s_axi_AXILiteS_WDATA    |  in |   32|    s_axi   |    AXILiteS    |    pointer   |
|s_axi_AXILiteS_WSTRB    |  in |    4|    s_axi   |    AXILiteS    |    pointer   |
|s_axi_AXILiteS_ARVALID  |  in |    1|    s_axi   |    AXILiteS    |    pointer   |
|s_axi_AXILiteS_ARREADY  | out |    1|    s_axi   |    AXILiteS    |    pointer   |
|s_axi_AXILiteS_ARADDR   |  in |    8|    s_axi   |    AXILiteS    |    pointer   |
|s_axi_AXILiteS_RVALID   | out |    1|    s_axi   |    AXILiteS    |    pointer   |
|s_axi_AXILiteS_RREADY   |  in |    1|    s_axi   |    AXILiteS    |    pointer   |
|s_axi_AXILiteS_RDATA    | out |   32|    s_axi   |    AXILiteS    |    pointer   |
|s_axi_AXILiteS_RRESP    | out |    2|    s_axi   |    AXILiteS    |    pointer   |
|s_axi_AXILiteS_BVALID   | out |    1|    s_axi   |    AXILiteS    |    pointer   |
|s_axi_AXILiteS_BREADY   |  in |    1|    s_axi   |    AXILiteS    |    pointer   |
|s_axi_AXILiteS_BRESP    | out |    2|    s_axi   |    AXILiteS    |    pointer   |
|ap_clk                  |  in |    1| ap_ctrl_hs | memory_scanner | return value |
|ap_rst_n                |  in |    1| ap_ctrl_hs | memory_scanner | return value |
|interrupt               | out |    1| ap_ctrl_hs | memory_scanner | return value |
|m_axi_ddr_AWVALID       | out |    1|    m_axi   |       ddr      |    pointer   |
|m_axi_ddr_AWREADY       |  in |    1|    m_axi   |       ddr      |    pointer   |
|m_axi_ddr_AWADDR        | out |   32|    m_axi   |       ddr      |    pointer   |
|m_axi_ddr_AWID          | out |    1|    m_axi   |       ddr      |    pointer   |
|m_axi_ddr_AWLEN         | out |    8|    m_axi   |       ddr      |    pointer   |
|m_axi_ddr_AWSIZE        | out |    3|    m_axi   |       ddr      |    pointer   |
|m_axi_ddr_AWBURST       | out |    2|    m_axi   |       ddr      |    pointer   |
|m_axi_ddr_AWLOCK        | out |    2|    m_axi   |       ddr      |    pointer   |
|m_axi_ddr_AWCACHE       | out |    4|    m_axi   |       ddr      |    pointer   |
|m_axi_ddr_AWPROT        | out |    3|    m_axi   |       ddr      |    pointer   |
|m_axi_ddr_AWQOS         | out |    4|    m_axi   |       ddr      |    pointer   |
|m_axi_ddr_AWREGION      | out |    4|    m_axi   |       ddr      |    pointer   |
|m_axi_ddr_AWUSER        | out |    1|    m_axi   |       ddr      |    pointer   |
|m_axi_ddr_WVALID        | out |    1|    m_axi   |       ddr      |    pointer   |
|m_axi_ddr_WREADY        |  in |    1|    m_axi   |       ddr      |    pointer   |
|m_axi_ddr_WDATA         | out |   32|    m_axi   |       ddr      |    pointer   |
|m_axi_ddr_WSTRB         | out |    4|    m_axi   |       ddr      |    pointer   |
|m_axi_ddr_WLAST         | out |    1|    m_axi   |       ddr      |    pointer   |
|m_axi_ddr_WID           | out |    1|    m_axi   |       ddr      |    pointer   |
|m_axi_ddr_WUSER         | out |    1|    m_axi   |       ddr      |    pointer   |
|m_axi_ddr_ARVALID       | out |    1|    m_axi   |       ddr      |    pointer   |
|m_axi_ddr_ARREADY       |  in |    1|    m_axi   |       ddr      |    pointer   |
|m_axi_ddr_ARADDR        | out |   32|    m_axi   |       ddr      |    pointer   |
|m_axi_ddr_ARID          | out |    1|    m_axi   |       ddr      |    pointer   |
|m_axi_ddr_ARLEN         | out |    8|    m_axi   |       ddr      |    pointer   |
|m_axi_ddr_ARSIZE        | out |    3|    m_axi   |       ddr      |    pointer   |
|m_axi_ddr_ARBURST       | out |    2|    m_axi   |       ddr      |    pointer   |
|m_axi_ddr_ARLOCK        | out |    2|    m_axi   |       ddr      |    pointer   |
|m_axi_ddr_ARCACHE       | out |    4|    m_axi   |       ddr      |    pointer   |
|m_axi_ddr_ARPROT        | out |    3|    m_axi   |       ddr      |    pointer   |
|m_axi_ddr_ARQOS         | out |    4|    m_axi   |       ddr      |    pointer   |
|m_axi_ddr_ARREGION      | out |    4|    m_axi   |       ddr      |    pointer   |
|m_axi_ddr_ARUSER        | out |    1|    m_axi   |       ddr      |    pointer   |
|m_axi_ddr_RVALID        |  in |    1|    m_axi   |       ddr      |    pointer   |
|m_axi_ddr_RREADY        | out |    1|    m_axi   |       ddr      |    pointer   |
|m_axi_ddr_RDATA         |  in |   32|    m_axi   |       ddr      |    pointer   |
|m_axi_ddr_RLAST         |  in |    1|    m_axi   |       ddr      |    pointer   |
|m_axi_ddr_RID           |  in |    1|    m_axi   |       ddr      |    pointer   |
|m_axi_ddr_RUSER         |  in |    1|    m_axi   |       ddr      |    pointer   |
|m_axi_ddr_RRESP         |  in |    2|    m_axi   |       ddr      |    pointer   |
|m_axi_ddr_BVALID        |  in |    1|    m_axi   |       ddr      |    pointer   |
|m_axi_ddr_BREADY        | out |    1|    m_axi   |       ddr      |    pointer   |
|m_axi_ddr_BRESP         |  in |    2|    m_axi   |       ddr      |    pointer   |
|m_axi_ddr_BID           |  in |    1|    m_axi   |       ddr      |    pointer   |
|m_axi_ddr_BUSER         |  in |    1|    m_axi   |       ddr      |    pointer   |
+------------------------+-----+-----+------------+----------------+--------------+

============================================================
+ Verbose Summary: Synthesis Manager
============================================================
InlineROM: 1
ExposeGlobal: 0
============================================================
+ Verbose Summary: CDFG Model
============================================================
IsTopModel: 1
ResetActiveHigh: 1
IsCombinational: 2
IsDatapathOnly: 2
HasWiredReturn: 1
HasMFsm: 0
HasVarLatency: 1
IsPipeline: 0
IsRtlPipelined: 0
IsInstanceOverlapped: 0
IsDontTouch: 0
HasImplIP: 0
IsGatedGlobalClock: 0


============================================================
+ Verbose Summary: Schedule
============================================================
* Number of FSM states: 4
* Pipeline: 0
* Dataflow Pipeline: 0

* FSM state transitions: 
1 --> 
	2  / true
2 --> 
	3  / (!exitcond1)
3 --> 
	4  / true
4 --> 
	2  / true
* FSM state operations: 

 <State 1>: 1.57ns
ST_1: stg_5 [1/1] 0.00ns
:0  call void (...)* @_ssdm_op_SpecBitsMap(i8* %search_string_16), !map !7

ST_1: stg_6 [1/1] 0.00ns
:1  call void (...)* @_ssdm_op_SpecBitsMap(i8* %search_string_15), !map !13

ST_1: stg_7 [1/1] 0.00ns
:2  call void (...)* @_ssdm_op_SpecBitsMap(i8* %search_string_14), !map !19

ST_1: stg_8 [1/1] 0.00ns
:3  call void (...)* @_ssdm_op_SpecBitsMap(i8* %search_string_13), !map !25

ST_1: stg_9 [1/1] 0.00ns
:4  call void (...)* @_ssdm_op_SpecBitsMap(i8* %search_string_12), !map !31

ST_1: stg_10 [1/1] 0.00ns
:5  call void (...)* @_ssdm_op_SpecBitsMap(i8* %search_string_11), !map !37

ST_1: stg_11 [1/1] 0.00ns
:6  call void (...)* @_ssdm_op_SpecBitsMap(i8* %search_string_10), !map !43

ST_1: stg_12 [1/1] 0.00ns
:7  call void (...)* @_ssdm_op_SpecBitsMap(i8* %search_string_9), !map !49

ST_1: stg_13 [1/1] 0.00ns
:8  call void (...)* @_ssdm_op_SpecBitsMap(i8* %search_string_8), !map !55

ST_1: stg_14 [1/1] 0.00ns
:9  call void (...)* @_ssdm_op_SpecBitsMap(i8* %search_string_7), !map !61

ST_1: stg_15 [1/1] 0.00ns
:10  call void (...)* @_ssdm_op_SpecBitsMap(i8* %search_string_6), !map !67

ST_1: stg_16 [1/1] 0.00ns
:11  call void (...)* @_ssdm_op_SpecBitsMap(i8* %search_string_5), !map !73

ST_1: stg_17 [1/1] 0.00ns
:12  call void (...)* @_ssdm_op_SpecBitsMap(i8* %search_string_4), !map !79

ST_1: stg_18 [1/1] 0.00ns
:13  call void (...)* @_ssdm_op_SpecBitsMap(i8* %search_string_3), !map !85

ST_1: stg_19 [1/1] 0.00ns
:14  call void (...)* @_ssdm_op_SpecBitsMap(i8* %search_string_2), !map !91

ST_1: stg_20 [1/1] 0.00ns
:15  call void (...)* @_ssdm_op_SpecBitsMap(i8* %search_string_1), !map !97

ST_1: stg_21 [1/1] 0.00ns
:16  call void (...)* @_ssdm_op_SpecBitsMap(i8* %search_string_0), !map !103

ST_1: stg_22 [1/1] 0.00ns
:17  call void (...)* @_ssdm_op_SpecBitsMap(i8* %ddr), !map !109

ST_1: stg_23 [1/1] 0.00ns
:18  call void (...)* @_ssdm_op_SpecBitsMap(i32* %count_out) nounwind, !map !115

ST_1: stg_24 [1/1] 0.00ns
:19  call void (...)* @_ssdm_op_SpecBitsMap(i1 false) nounwind, !map !119

ST_1: stg_25 [1/1] 0.00ns
:20  call void (...)* @_ssdm_op_SpecTopModule([15 x i8]* @str) nounwind

ST_1: stg_26 [1/1] 0.00ns
:21  call void (...)* @_ssdm_op_SpecWire(i8* %ddr, [6 x i8]* @p_str, i32 0, i32 0, i32 0, i32 0, [1 x i8]* @p_str1, [1 x i8]* @p_str1, [1 x i8]* @p_str1)

ST_1: stg_27 [1/1] 0.00ns
:22  call void (...)* @_ssdm_op_SpecWire(i32 0, [10 x i8]* @p_str2, i32 0, i32 0, i32 0, i32 0, [1 x i8]* @p_str1, [1 x i8]* @p_str1, [1 x i8]* @p_str1) nounwind

ST_1: stg_28 [1/1] 0.00ns
:23  call void (...)* @_ssdm_op_SpecWire(i8* %search_string_0, i8* %search_string_1, i8* %search_string_2, i8* %search_string_3, i8* %search_string_4, i8* %search_string_5, i8* %search_string_6, i8* %search_string_7, i8* %search_string_8, i8* %search_string_9, i8* %search_string_10, i8* %search_string_11, i8* %search_string_12, i8* %search_string_13, i8* %search_string_14, i8* %search_string_15, i8* %search_string_16, [10 x i8]* @p_str2, i32 0, i32 0, i32 0, i32 0, [1 x i8]* @p_str1, [1 x i8]* @p_str1, [1 x i8]* @p_str1) nounwind

ST_1: stg_29 [1/1] 0.00ns
:24  call void (...)* @_ssdm_op_SpecWire(i8* %search_string_0, i8* %search_string_1, i8* %search_string_2, i8* %search_string_3, i8* %search_string_4, i8* %search_string_5, i8* %search_string_6, i8* %search_string_7, i8* %search_string_8, i8* %search_string_9, i8* %search_string_10, i8* %search_string_11, i8* %search_string_12, i8* %search_string_13, i8* %search_string_14, i8* %search_string_15, i8* %search_string_16, [6 x i8]* @p_str4, i32 0, i32 0, i32 0, i32 0, [1 x i8]* @p_str1, [1 x i8]* @p_str1, [1 x i8]* @p_str1) nounwind

ST_1: stg_30 [1/1] 0.00ns
:25  call void (...)* @_ssdm_op_SpecWire(i32* %count_out, [10 x i8]* @p_str2, i32 0, i32 0, i32 0, i32 0, [1 x i8]* @p_str1, [1 x i8]* @p_str1, [1 x i8]* @p_str1) nounwind

ST_1: stg_31 [1/1] 0.00ns
:26  call void (...)* @_ssdm_op_SpecWire(i32* %count_out, [7 x i8]* @p_str5, i32 0, i32 0, i32 0, i32 0, [1 x i8]* @p_str1, [1 x i8]* @p_str1, [1 x i8]* @p_str1) nounwind

ST_1: stg_32 [1/1] 0.00ns
:27  call void (...)* @_ssdm_op_SpecWire(i32 0, [11 x i8]* @p_str6, i32 0, i32 0, i32 0, i32 0, [1 x i8]* @p_str1, [1 x i8]* @p_str1, [1 x i8]* @p_str1) nounwind

ST_1: tmp_9 [1/1] 0.00ns
:28  %tmp_9 = call i32 (...)* @_ssdm_op_SpecRegionBegin([12 x i8]* @p_str9) nounwind

ST_1: stg_34 [1/1] 1.57ns
:29  br label %2


 <State 2>: 8.75ns
ST_2: count [1/1] 0.00ns
:0  %count = phi i32 [ 0, %0 ], [ %count_0_1, %._crit_edge ]

ST_2: search_index [1/1] 0.00ns
:1  %search_index = phi i32 [ 0, %0 ], [ %search_index_0_1, %._crit_edge ]

ST_2: tmp [1/1] 0.00ns
:2  %tmp = phi i32 [ 0, %0 ], [ %count_0_2, %._crit_edge ]

ST_2: j [1/1] 0.00ns
:3  %j = phi i31 [ 0, %0 ], [ %tmp_8, %._crit_edge ]

ST_2: exitcond1 [1/1] 2.50ns
:4  %exitcond1 = icmp eq i31 %j, -1073741824

ST_2: empty_4 [1/1] 0.00ns
:5  %empty_4 = call i32 (...)* @_ssdm_op_SpecLoopTripCount(i64 1073741824, i64 1073741824, i64 1073741824)

ST_2: tmp_8 [1/1] 2.44ns
:6  %tmp_8 = add i31 %j, 1

ST_2: stg_42 [1/1] 0.00ns
:7  br i1 %exitcond1, label %1, label %3

ST_2: tmp_1 [1/1] 0.00ns
:0  %tmp_1 = zext i31 %j to i64

ST_2: ddr_addr [1/1] 0.00ns
:1  %ddr_addr = getelementptr i8* %ddr, i64 %tmp_1

ST_2: ddr_load_req [2/2] 8.75ns
:2  %ddr_load_req = call i1 @_ssdm_op_ReadReq.m_axi.i8P(i8* %ddr_addr, i32 1)

ST_2: empty [1/1] 0.00ns
:0  %empty = call i32 (...)* @_ssdm_op_SpecRegionEnd([12 x i8]* @p_str9, i32 %tmp_9) nounwind

ST_2: stg_47 [1/1] 0.00ns
:1  call void @_ssdm_op_Write.ap_vld.i32P(i32* %count_out, i32 %tmp)

ST_2: stg_48 [1/1] 0.00ns
:2  ret i1 true


 <State 3>: 8.75ns
ST_3: ddr_load_req [1/2] 8.75ns
:2  %ddr_load_req = call i1 @_ssdm_op_ReadReq.m_axi.i8P(i8* %ddr_addr, i32 1)

ST_3: ddr_addr_read [1/1] 8.75ns
:3  %ddr_addr_read = call i8 @_ssdm_op_Read.m_axi.volatile.i8P(i8* %ddr_addr)

ST_3: tmp_2 [1/1] 0.00ns
:4  %tmp_2 = trunc i32 %search_index to i5

ST_3: stg_52 [1/1] 1.94ns
:5  switch i5 %tmp_2, label %branch16 [
    i5 0, label %branch0
    i5 1, label %branch1
    i5 2, label %branch2
    i5 3, label %branch3
    i5 4, label %branch4
    i5 5, label %branch5
    i5 6, label %branch6
    i5 7, label %branch7
    i5 8, label %branch8
    i5 9, label %branch9
    i5 10, label %branch10
    i5 11, label %branch11
    i5 12, label %branch12
    i5 13, label %branch13
    i5 14, label %branch14
    i5 15, label %branch15
  ]

ST_3: search_string_15_read [1/1] 0.00ns
branch15:0  %search_string_15_read = call i8 @_ssdm_op_Read.ap_hs.i8P(i8* %search_string_15)

ST_3: stg_54 [1/1] 1.89ns
branch15:1  br label %._crit_edge

ST_3: search_string_14_read [1/1] 0.00ns
branch14:0  %search_string_14_read = call i8 @_ssdm_op_Read.ap_hs.i8P(i8* %search_string_14)

ST_3: stg_56 [1/1] 1.89ns
branch14:1  br label %._crit_edge

ST_3: search_string_13_read [1/1] 0.00ns
branch13:0  %search_string_13_read = call i8 @_ssdm_op_Read.ap_hs.i8P(i8* %search_string_13)

ST_3: stg_58 [1/1] 1.89ns
branch13:1  br label %._crit_edge

ST_3: search_string_12_read [1/1] 0.00ns
branch12:0  %search_string_12_read = call i8 @_ssdm_op_Read.ap_hs.i8P(i8* %search_string_12)

ST_3: stg_60 [1/1] 1.89ns
branch12:1  br label %._crit_edge

ST_3: search_string_11_read [1/1] 0.00ns
branch11:0  %search_string_11_read = call i8 @_ssdm_op_Read.ap_hs.i8P(i8* %search_string_11)

ST_3: stg_62 [1/1] 1.89ns
branch11:1  br label %._crit_edge

ST_3: search_string_10_read [1/1] 0.00ns
branch10:0  %search_string_10_read = call i8 @_ssdm_op_Read.ap_hs.i8P(i8* %search_string_10)

ST_3: stg_64 [1/1] 1.89ns
branch10:1  br label %._crit_edge

ST_3: search_string_9_read [1/1] 0.00ns
branch9:0  %search_string_9_read = call i8 @_ssdm_op_Read.ap_hs.i8P(i8* %search_string_9)

ST_3: stg_66 [1/1] 1.89ns
branch9:1  br label %._crit_edge

ST_3: search_string_8_read [1/1] 0.00ns
branch8:0  %search_string_8_read = call i8 @_ssdm_op_Read.ap_hs.i8P(i8* %search_string_8)

ST_3: stg_68 [1/1] 1.89ns
branch8:1  br label %._crit_edge

ST_3: search_string_7_read [1/1] 0.00ns
branch7:0  %search_string_7_read = call i8 @_ssdm_op_Read.ap_hs.i8P(i8* %search_string_7)

ST_3: stg_70 [1/1] 1.89ns
branch7:1  br label %._crit_edge

ST_3: search_string_6_read [1/1] 0.00ns
branch6:0  %search_string_6_read = call i8 @_ssdm_op_Read.ap_hs.i8P(i8* %search_string_6)

ST_3: stg_72 [1/1] 1.89ns
branch6:1  br label %._crit_edge

ST_3: search_string_5_read [1/1] 0.00ns
branch5:0  %search_string_5_read = call i8 @_ssdm_op_Read.ap_hs.i8P(i8* %search_string_5)

ST_3: stg_74 [1/1] 1.89ns
branch5:1  br label %._crit_edge

ST_3: search_string_4_read [1/1] 0.00ns
branch4:0  %search_string_4_read = call i8 @_ssdm_op_Read.ap_hs.i8P(i8* %search_string_4)

ST_3: stg_76 [1/1] 1.89ns
branch4:1  br label %._crit_edge

ST_3: search_string_3_read [1/1] 0.00ns
branch3:0  %search_string_3_read = call i8 @_ssdm_op_Read.ap_hs.i8P(i8* %search_string_3)

ST_3: stg_78 [1/1] 1.89ns
branch3:1  br label %._crit_edge

ST_3: search_string_2_read [1/1] 0.00ns
branch2:0  %search_string_2_read = call i8 @_ssdm_op_Read.ap_hs.i8P(i8* %search_string_2)

ST_3: stg_80 [1/1] 1.89ns
branch2:1  br label %._crit_edge

ST_3: search_string_1_read [1/1] 0.00ns
branch1:0  %search_string_1_read = call i8 @_ssdm_op_Read.ap_hs.i8P(i8* %search_string_1)

ST_3: stg_82 [1/1] 1.89ns
branch1:1  br label %._crit_edge

ST_3: search_string_0_read [1/1] 0.00ns
branch0:0  %search_string_0_read = call i8 @_ssdm_op_Read.ap_hs.i8P(i8* %search_string_0)

ST_3: stg_84 [1/1] 1.89ns
branch0:1  br label %._crit_edge

ST_3: search_string_16_read [1/1] 0.00ns
branch16:0  %search_string_16_read = call i8 @_ssdm_op_Read.ap_hs.i8P(i8* %search_string_16)

ST_3: stg_86 [1/1] 1.89ns
branch16:1  br label %._crit_edge


 <State 4>: 7.64ns
ST_4: search_string_load_phi [1/1] 0.00ns
._crit_edge:0  %search_string_load_phi = phi i8 [ %search_string_0_read, %branch0 ], [ %search_string_1_read, %branch1 ], [ %search_string_2_read, %branch2 ], [ %search_string_3_read, %branch3 ], [ %search_string_4_read, %branch4 ], [ %search_string_5_read, %branch5 ], [ %search_string_6_read, %branch6 ], [ %search_string_7_read, %branch7 ], [ %search_string_8_read, %branch8 ], [ %search_string_9_read, %branch9 ], [ %search_string_10_read, %branch10 ], [ %search_string_11_read, %branch11 ], [ %search_string_12_read, %branch12 ], [ %search_string_13_read, %branch13 ], [ %search_string_14_read, %branch14 ], [ %search_string_15_read, %branch15 ], [ %search_string_16_read, %branch16 ]

ST_4: tmp_3 [1/1] 2.00ns
._crit_edge:1  %tmp_3 = icmp eq i8 %ddr_addr_read, %search_string_load_phi

ST_4: tmp_4 [1/1] 2.44ns
._crit_edge:2  %tmp_4 = add nsw i32 %search_index, 1

ST_4: search_index_0 [1/1] 1.37ns
._crit_edge:3  %search_index_0 = select i1 %tmp_3, i32 %tmp_4, i32 0

ST_4: tmp_5 [1/1] 0.00ns
._crit_edge:4  %tmp_5 = call i28 @_ssdm_op_PartSelect.i28.i32.i32.i32(i32 %search_index_0, i32 4, i32 31)

ST_4: icmp [1/1] 2.46ns
._crit_edge:5  %icmp = icmp sgt i28 %tmp_5, 0

ST_4: count_0 [1/1] 2.44ns
._crit_edge:6  %count_0 = add nsw i32 %count, 1

ST_4: count_0_1 [1/1] 1.37ns
._crit_edge:7  %count_0_1 = select i1 %icmp, i32 %count_0, i32 %count

ST_4: search_index_0_1 [1/1] 1.37ns
._crit_edge:8  %search_index_0_1 = select i1 %icmp, i32 0, i32 %search_index_0

ST_4: count_0_2 [1/1] 1.37ns
._crit_edge:9  %count_0_2 = select i1 %icmp, i32 %count_0, i32 %tmp

ST_4: stg_97 [1/1] 0.00ns
._crit_edge:10  br label %2



============================================================
+ Verbose Summary: Binding
============================================================
STG Binding: 
---------------- STG Properties BEGIN ----------------
- Is combinational: 0
- Is one-state seq: 0
- Is datapath-only: 0
- Is clock enabled: 0
- Is pipelined: 0
- Is top level: 1
Port [ Return ] is wired: 1; IO mode=ap_ctrl_hs:ce=0
Port [ ddr]:  wired=1; compound=1; hidden=0; nouse=0; global=0; static=0; extern=0; dir=0; type=4; mode=0x3b886a0; pingpong=0; private_global=0; IO mode=m_axi:ce=0
Port [ search_string_0]:  wired=1; compound=0; hidden=0; nouse=0; global=0; static=0; extern=0; dir=0; type=0; mode=0x3b46ac0; pingpong=0; private_global=0; IO mode=ap_hs:ce=0
Port [ search_string_1]:  wired=1; compound=0; hidden=0; nouse=0; global=0; static=0; extern=0; dir=0; type=0; mode=0x3b90c10; pingpong=0; private_global=0; IO mode=ap_hs:ce=0
Port [ search_string_2]:  wired=1; compound=0; hidden=0; nouse=0; global=0; static=0; extern=0; dir=0; type=0; mode=0x3c44d70; pingpong=0; private_global=0; IO mode=ap_hs:ce=0
Port [ search_string_3]:  wired=1; compound=0; hidden=0; nouse=0; global=0; static=0; extern=0; dir=0; type=0; mode=0x3bbe9f0; pingpong=0; private_global=0; IO mode=ap_hs:ce=0
Port [ search_string_4]:  wired=1; compound=0; hidden=0; nouse=0; global=0; static=0; extern=0; dir=0; type=0; mode=0x3c56ec0; pingpong=0; private_global=0; IO mode=ap_hs:ce=0
Port [ search_string_5]:  wired=1; compound=0; hidden=0; nouse=0; global=0; static=0; extern=0; dir=0; type=0; mode=0x43ed6c0; pingpong=0; private_global=0; IO mode=ap_hs:ce=0
Port [ search_string_6]:  wired=1; compound=0; hidden=0; nouse=0; global=0; static=0; extern=0; dir=0; type=0; mode=0x4287660; pingpong=0; private_global=0; IO mode=ap_hs:ce=0
Port [ search_string_7]:  wired=1; compound=0; hidden=0; nouse=0; global=0; static=0; extern=0; dir=0; type=0; mode=0x4230c30; pingpong=0; private_global=0; IO mode=ap_hs:ce=0
Port [ search_string_8]:  wired=1; compound=0; hidden=0; nouse=0; global=0; static=0; extern=0; dir=0; type=0; mode=0x3bfe090; pingpong=0; private_global=0; IO mode=ap_hs:ce=0
Port [ search_string_9]:  wired=1; compound=0; hidden=0; nouse=0; global=0; static=0; extern=0; dir=0; type=0; mode=0x40578a0; pingpong=0; private_global=0; IO mode=ap_hs:ce=0
Port [ search_string_10]:  wired=1; compound=0; hidden=0; nouse=0; global=0; static=0; extern=0; dir=0; type=0; mode=0x4226b70; pingpong=0; private_global=0; IO mode=ap_hs:ce=0
Port [ search_string_11]:  wired=1; compound=0; hidden=0; nouse=0; global=0; static=0; extern=0; dir=0; type=0; mode=0x3c11710; pingpong=0; private_global=0; IO mode=ap_hs:ce=0
Port [ search_string_12]:  wired=1; compound=0; hidden=0; nouse=0; global=0; static=0; extern=0; dir=0; type=0; mode=0x398b4a0; pingpong=0; private_global=0; IO mode=ap_hs:ce=0
Port [ search_string_13]:  wired=1; compound=0; hidden=0; nouse=0; global=0; static=0; extern=0; dir=0; type=0; mode=0x426e560; pingpong=0; private_global=0; IO mode=ap_hs:ce=0
Port [ search_string_14]:  wired=1; compound=0; hidden=0; nouse=0; global=0; static=0; extern=0; dir=0; type=0; mode=0x430ad10; pingpong=0; private_global=0; IO mode=ap_hs:ce=0
Port [ search_string_15]:  wired=1; compound=0; hidden=0; nouse=0; global=0; static=0; extern=0; dir=0; type=0; mode=0x4288da0; pingpong=0; private_global=0; IO mode=ap_hs:ce=0
Port [ search_string_16]:  wired=1; compound=0; hidden=0; nouse=0; global=0; static=0; extern=0; dir=0; type=0; mode=0x3b45080; pingpong=0; private_global=0; IO mode=ap_hs:ce=0
Port [ count_out]:  wired=1; compound=0; hidden=0; nouse=0; global=0; static=0; extern=0; dir=1; type=0; mode=0x378ea00; pingpong=0; private_global=0; IO mode=ap_vld:ce=0
---------------- STG Properties END ------------------

---------------- Datapath Model BEGIN ----------------

<LifeTime>
<method=bitvector/>
stg_5                  (specbitsmap      ) [ 00000]
stg_6                  (specbitsmap      ) [ 00000]
stg_7                  (specbitsmap      ) [ 00000]
stg_8                  (specbitsmap      ) [ 00000]
stg_9                  (specbitsmap      ) [ 00000]
stg_10                 (specbitsmap      ) [ 00000]
stg_11                 (specbitsmap      ) [ 00000]
stg_12                 (specbitsmap      ) [ 00000]
stg_13                 (specbitsmap      ) [ 00000]
stg_14                 (specbitsmap      ) [ 00000]
stg_15                 (specbitsmap      ) [ 00000]
stg_16                 (specbitsmap      ) [ 00000]
stg_17                 (specbitsmap      ) [ 00000]
stg_18                 (specbitsmap      ) [ 00000]
stg_19                 (specbitsmap      ) [ 00000]
stg_20                 (specbitsmap      ) [ 00000]
stg_21                 (specbitsmap      ) [ 00000]
stg_22                 (specbitsmap      ) [ 00000]
stg_23                 (specbitsmap      ) [ 00000]
stg_24                 (specbitsmap      ) [ 00000]
stg_25                 (spectopmodule    ) [ 00000]
stg_26                 (specwire         ) [ 00000]
stg_27                 (specwire         ) [ 00000]
stg_28                 (specwire         ) [ 00000]
stg_29                 (specwire         ) [ 00000]
stg_30                 (specwire         ) [ 00000]
stg_31                 (specwire         ) [ 00000]
stg_32                 (specwire         ) [ 00000]
tmp_9                  (specregionbegin  ) [ 00111]
stg_34                 (br               ) [ 01111]
count                  (phi              ) [ 00111]
search_index           (phi              ) [ 00111]
tmp                    (phi              ) [ 00111]
j                      (phi              ) [ 00100]
exitcond1              (icmp             ) [ 00111]
empty_4                (speclooptripcount) [ 00000]
tmp_8                  (add              ) [ 01111]
stg_42                 (br               ) [ 00000]
tmp_1                  (zext             ) [ 00000]
ddr_addr               (getelementptr    ) [ 00010]
empty                  (specregionend    ) [ 00000]
stg_47                 (write            ) [ 00000]
stg_48                 (ret              ) [ 00000]
ddr_load_req           (readreq          ) [ 00000]
ddr_addr_read          (read             ) [ 00001]
tmp_2                  (trunc            ) [ 00111]
stg_52                 (switch           ) [ 00000]
search_string_15_read  (read             ) [ 00111]
stg_54                 (br               ) [ 00111]
search_string_14_read  (read             ) [ 00111]
stg_56                 (br               ) [ 00111]
search_string_13_read  (read             ) [ 00111]
stg_58                 (br               ) [ 00111]
search_string_12_read  (read             ) [ 00111]
stg_60                 (br               ) [ 00111]
search_string_11_read  (read             ) [ 00111]
stg_62                 (br               ) [ 00111]
search_string_10_read  (read             ) [ 00111]
stg_64                 (br               ) [ 00111]
search_string_9_read   (read             ) [ 00111]
stg_66                 (br               ) [ 00111]
search_string_8_read   (read             ) [ 00111]
stg_68                 (br               ) [ 00111]
search_string_7_read   (read             ) [ 00111]
stg_70                 (br               ) [ 00111]
search_string_6_read   (read             ) [ 00111]
stg_72                 (br               ) [ 00111]
search_string_5_read   (read             ) [ 00111]
stg_74                 (br               ) [ 00111]
search_string_4_read   (read             ) [ 00111]
stg_76                 (br               ) [ 00111]
search_string_3_read   (read             ) [ 00111]
stg_78                 (br               ) [ 00111]
search_string_2_read   (read             ) [ 00111]
stg_80                 (br               ) [ 00111]
search_string_1_read   (read             ) [ 00111]
stg_82                 (br               ) [ 00111]
search_string_0_read   (read             ) [ 00111]
stg_84                 (br               ) [ 00111]
search_string_16_read  (read             ) [ 00111]
stg_86                 (br               ) [ 00111]
search_string_load_phi (phi              ) [ 00001]
tmp_3                  (icmp             ) [ 00000]
tmp_4                  (add              ) [ 00000]
search_index_0         (select           ) [ 00000]
tmp_5                  (partselect       ) [ 00000]
icmp                   (icmp             ) [ 00000]
count_0                (add              ) [ 00000]
count_0_1              (select           ) [ 01111]
search_index_0_1       (select           ) [ 01111]
count_0_2              (select           ) [ 01111]
stg_97                 (br               ) [ 01111]
</LifeTime>

<model>

<comp_list>
<comp id="0" class="1000" name="ddr">
<pin_list>
<pin id="1" dir="1" index="0" bw="1" slack="0"/>
</pin_list>
<bind>
<StgValue><ssdm name="ddr"/></StgValue>
</bind>
</comp>

<comp id="2" class="1000" name="search_string_0">
<pin_list>
<pin id="3" dir="1" index="0" bw="1" slack="0"/>
</pin_list>
<bind>
<StgValue><ssdm name="search_string_0"/></StgValue>
</bind>
</comp>

<comp id="4" class="1000" name="search_string_1">
<pin_list>
<pin id="5" dir="1" index="0" bw="1" slack="0"/>
</pin_list>
<bind>
<StgValue><ssdm name="search_string_1"/></StgValue>
</bind>
</comp>

<comp id="6" class="1000" name="search_string_2">
<pin_list>
<pin id="7" dir="1" index="0" bw="1" slack="0"/>
</pin_list>
<bind>
<StgValue><ssdm name="search_string_2"/></StgValue>
</bind>
</comp>

<comp id="8" class="1000" name="search_string_3">
<pin_list>
<pin id="9" dir="1" index="0" bw="1" slack="0"/>
</pin_list>
<bind>
<StgValue><ssdm name="search_string_3"/></StgValue>
</bind>
</comp>

<comp id="10" class="1000" name="search_string_4">
<pin_list>
<pin id="11" dir="1" index="0" bw="1" slack="0"/>
</pin_list>
<bind>
<StgValue><ssdm name="search_string_4"/></StgValue>
</bind>
</comp>

<comp id="12" class="1000" name="search_string_5">
<pin_list>
<pin id="13" dir="1" index="0" bw="1" slack="0"/>
</pin_list>
<bind>
<StgValue><ssdm name="search_string_5"/></StgValue>
</bind>
</comp>

<comp id="14" class="1000" name="search_string_6">
<pin_list>
<pin id="15" dir="1" index="0" bw="1" slack="0"/>
</pin_list>
<bind>
<StgValue><ssdm name="search_string_6"/></StgValue>
</bind>
</comp>

<comp id="16" class="1000" name="search_string_7">
<pin_list>
<pin id="17" dir="1" index="0" bw="1" slack="0"/>
</pin_list>
<bind>
<StgValue><ssdm name="search_string_7"/></StgValue>
</bind>
</comp>

<comp id="18" class="1000" name="search_string_8">
<pin_list>
<pin id="19" dir="1" index="0" bw="1" slack="0"/>
</pin_list>
<bind>
<StgValue><ssdm name="search_string_8"/></StgValue>
</bind>
</comp>

<comp id="20" class="1000" name="search_string_9">
<pin_list>
<pin id="21" dir="1" index="0" bw="1" slack="0"/>
</pin_list>
<bind>
<StgValue><ssdm name="search_string_9"/></StgValue>
</bind>
</comp>

<comp id="22" class="1000" name="search_string_10">
<pin_list>
<pin id="23" dir="1" index="0" bw="1" slack="0"/>
</pin_list>
<bind>
<StgValue><ssdm name="search_string_10"/></StgValue>
</bind>
</comp>

<comp id="24" class="1000" name="search_string_11">
<pin_list>
<pin id="25" dir="1" index="0" bw="1" slack="0"/>
</pin_list>
<bind>
<StgValue><ssdm name="search_string_11"/></StgValue>
</bind>
</comp>

<comp id="26" class="1000" name="search_string_12">
<pin_list>
<pin id="27" dir="1" index="0" bw="1" slack="0"/>
</pin_list>
<bind>
<StgValue><ssdm name="search_string_12"/></StgValue>
</bind>
</comp>

<comp id="28" class="1000" name="search_string_13">
<pin_list>
<pin id="29" dir="1" index="0" bw="1" slack="0"/>
</pin_list>
<bind>
<StgValue><ssdm name="search_string_13"/></StgValue>
</bind>
</comp>

<comp id="30" class="1000" name="search_string_14">
<pin_list>
<pin id="31" dir="1" index="0" bw="1" slack="0"/>
</pin_list>
<bind>
<StgValue><ssdm name="search_string_14"/></StgValue>
</bind>
</comp>

<comp id="32" class="1000" name="search_string_15">
<pin_list>
<pin id="33" dir="1" index="0" bw="1" slack="0"/>
</pin_list>
<bind>
<StgValue><ssdm name="search_string_15"/></StgValue>
</bind>
</comp>

<comp id="34" class="1000" name="search_string_16">
<pin_list>
<pin id="35" dir="1" index="0" bw="1" slack="0"/>
</pin_list>
<bind>
<StgValue><ssdm name="search_string_16"/></StgValue>
</bind>
</comp>

<comp id="36" class="1000" name="count_out">
<pin_list>
<pin id="37" dir="1" index="0" bw="1" slack="0"/>
</pin_list>
<bind>
<StgValue><ssdm name="count_out"/></StgValue>
</bind>
</comp>

<comp id="38" class="1001" name="const_38">
<pin_list>
<pin id="39" dir="1" index="0" bw="1" slack="2147483647"/>
</pin_list>
<bind>
<StgValue><ssdm name="_ssdm_op_SpecBitsMap"/></StgValue>
</bind>
</comp>

<comp id="40" class="1001" name="const_40">
<pin_list>
<pin id="41" dir="1" index="0" bw="1" slack="2147483647"/>
</pin_list>
<bind>
<StgValue><ssdm name=""/></StgValue>
</bind>
</comp>

<comp id="42" class="1001" name="const_42">
<pin_list>
<pin id="43" dir="1" index="0" bw="1" slack="2147483647"/>
</pin_list>
<bind>
<StgValue><ssdm name="_ssdm_op_SpecTopModule"/></StgValue>
</bind>
</comp>

<comp id="44" class="1001" name="const_44">
<pin_list>
<pin id="45" dir="1" index="0" bw="1" slack="2147483647"/>
</pin_list>
<bind>
<StgValue><ssdm name="str"/></StgValue>
</bind>
</comp>

<comp id="46" class="1001" name="const_46">
<pin_list>
<pin id="47" dir="1" index="0" bw="1" slack="2147483647"/>
</pin_list>
<bind>
<StgValue><ssdm name="_ssdm_op_SpecWire"/></StgValue>
</bind>
</comp>

<comp id="48" class="1001" name="const_48">
<pin_list>
<pin id="49" dir="1" index="0" bw="1" slack="2147483647"/>
</pin_list>
<bind>
<StgValue><ssdm name="p_str"/></StgValue>
</bind>
</comp>

<comp id="50" class="1001" name="const_50">
<pin_list>
<pin id="51" dir="1" index="0" bw="1" slack="0"/>
</pin_list>
<bind>
<StgValue><ssdm name=""/></StgValue>
</bind>
</comp>

<comp id="52" class="1001" name="const_52">
<pin_list>
<pin id="53" dir="1" index="0" bw="1" slack="2147483647"/>
</pin_list>
<bind>
<StgValue><ssdm name="p_str1"/></StgValue>
</bind>
</comp>

<comp id="54" class="1001" name="const_54">
<pin_list>
<pin id="55" dir="1" index="0" bw="1" slack="2147483647"/>
</pin_list>
<bind>
<StgValue><ssdm name="p_str2"/></StgValue>
</bind>
</comp>

<comp id="56" class="1001" name="const_56">
<pin_list>
<pin id="57" dir="1" index="0" bw="1" slack="2147483647"/>
</pin_list>
<bind>
<StgValue><ssdm name="p_str4"/></StgValue>
</bind>
</comp>

<comp id="58" class="1001" name="const_58">
<pin_list>
<pin id="59" dir="1" index="0" bw="1" slack="2147483647"/>
</pin_list>
<bind>
<StgValue><ssdm name="p_str5"/></StgValue>
</bind>
</comp>

<comp id="60" class="1001" name="const_60">
<pin_list>
<pin id="61" dir="1" index="0" bw="1" slack="2147483647"/>
</pin_list>
<bind>
<StgValue><ssdm name="p_str6"/></StgValue>
</bind>
</comp>

<comp id="62" class="1001" name="const_62">
<pin_list>
<pin id="63" dir="1" index="0" bw="1" slack="2147483647"/>
</pin_list>
<bind>
<StgValue><ssdm name="_ssdm_op_SpecRegionBegin"/></StgValue>
</bind>
</comp>

<comp id="64" class="1001" name="const_64">
<pin_list>
<pin id="65" dir="1" index="0" bw="1" slack="2147483647"/>
</pin_list>
<bind>
<StgValue><ssdm name="p_str9"/></StgValue>
</bind>
</comp>

<comp id="66" class="1001" name="const_66">
<pin_list>
<pin id="67" dir="1" index="0" bw="1" slack="1"/>
</pin_list>
<bind>
<StgValue><ssdm name=""/></StgValue>
</bind>
</comp>

<comp id="68" class="1001" name="const_68">
<pin_list>
<pin id="69" dir="1" index="0" bw="1" slack="0"/>
</pin_list>
<bind>
<StgValue><ssdm name=""/></StgValue>
</bind>
</comp>

<comp id="70" class="1001" name="const_70">
<pin_list>
<pin id="71" dir="1" index="0" bw="1" slack="2147483647"/>
</pin_list>
<bind>
<StgValue><ssdm name="_ssdm_op_SpecLoopTripCount"/></StgValue>
</bind>
</comp>

<comp id="72" class="1001" name="const_72">
<pin_list>
<pin id="73" dir="1" index="0" bw="1" slack="2147483647"/>
</pin_list>
<bind>
<StgValue><ssdm name=""/></StgValue>
</bind>
</comp>

<comp id="74" class="1001" name="const_74">
<pin_list>
<pin id="75" dir="1" index="0" bw="1" slack="0"/>
</pin_list>
<bind>
<StgValue><ssdm name=""/></StgValue>
</bind>
</comp>

<comp id="76" class="1001" name="const_76">
<pin_list>
<pin id="77" dir="1" index="0" bw="1" slack="0"/>
</pin_list>
<bind>
<StgValue><ssdm name="_ssdm_op_ReadReq.m_axi.i8P"/></StgValue>
</bind>
</comp>

<comp id="78" class="1001" name="const_78">
<pin_list>
<pin id="79" dir="1" index="0" bw="1" slack="0"/>
</pin_list>
<bind>
<StgValue><ssdm name=""/></StgValue>
</bind>
</comp>

<comp id="80" class="1001" name="const_80">
<pin_list>
<pin id="81" dir="1" index="0" bw="1" slack="2147483647"/>
</pin_list>
<bind>
<StgValue><ssdm name="_ssdm_op_SpecRegionEnd"/></StgValue>
</bind>
</comp>

<comp id="82" class="1001" name="const_82">
<pin_list>
<pin id="83" dir="1" index="0" bw="1" slack="0"/>
</pin_list>
<bind>
<StgValue><ssdm name="_ssdm_op_Write.ap_vld.i32P"/></StgValue>
</bind>
</comp>

<comp id="84" class="1001" name="const_84">
<pin_list>
<pin id="85" dir="1" index="0" bw="1" slack="2147483647"/>
</pin_list>
<bind>
<StgValue><ssdm name=""/></StgValue>
</bind>
</comp>

<comp id="86" class="1001" name="const_86">
<pin_list>
<pin id="87" dir="1" index="0" bw="1" slack="0"/>
</pin_list>
<bind>
<StgValue><ssdm name="_ssdm_op_Read.m_axi.volatile.i8P"/></StgValue>
</bind>
</comp>

<comp id="88" class="1001" name="const_88">
<pin_list>
<pin id="89" dir="1" index="0" bw="1" slack="2147483647"/>
</pin_list>
<bind>
<StgValue><ssdm name=""/></StgValue>
</bind>
</comp>

<comp id="90" class="1001" name="const_90">
<pin_list>
<pin id="91" dir="1" index="0" bw="1" slack="2147483647"/>
</pin_list>
<bind>
<StgValue><ssdm name=""/></StgValue>
</bind>
</comp>

<comp id="92" class="1001" name="const_92">
<pin_list>
<pin id="93" dir="1" index="0" bw="1" slack="2147483647"/>
</pin_list>
<bind>
<StgValue><ssdm name=""/></StgValue>
</bind>
</comp>

<comp id="94" class="1001" name="const_94">
<pin_list>
<pin id="95" dir="1" index="0" bw="1" slack="2147483647"/>
</pin_list>
<bind>
<StgValue><ssdm name=""/></StgValue>
</bind>
</comp>

<comp id="96" class="1001" name="const_96">
<pin_list>
<pin id="97" dir="1" index="0" bw="1" slack="2147483647"/>
</pin_list>
<bind>
<StgValue><ssdm name=""/></StgValue>
</bind>
</comp>

<comp id="98" class="1001" name="const_98">
<pin_list>
<pin id="99" dir="1" index="0" bw="1" slack="2147483647"/>
</pin_list>
<bind>
<StgValue><ssdm name=""/></StgValue>
</bind>
</comp>

<comp id="100" class="1001" name="const_100">
<pin_list>
<pin id="101" dir="1" index="0" bw="1" slack="2147483647"/>
</pin_list>
<bind>
<StgValue><ssdm name=""/></StgValue>
</bind>
</comp>

<comp id="102" class="1001" name="const_102">
<pin_list>
<pin id="103" dir="1" index="0" bw="1" slack="2147483647"/>
</pin_list>
<bind>
<StgValue><ssdm name=""/></StgValue>
</bind>
</comp>

<comp id="104" class="1001" name="const_104">
<pin_list>
<pin id="105" dir="1" index="0" bw="1" slack="2147483647"/>
</pin_list>
<bind>
<StgValue><ssdm name=""/></StgValue>
</bind>
</comp>

<comp id="106" class="1001" name="const_106">
<pin_list>
<pin id="107" dir="1" index="0" bw="1" slack="2147483647"/>
</pin_list>
<bind>
<StgValue><ssdm name=""/></StgValue>
</bind>
</comp>

<comp id="108" class="1001" name="const_108">
<pin_list>
<pin id="109" dir="1" index="0" bw="1" slack="2147483647"/>
</pin_list>
<bind>
<StgValue><ssdm name=""/></StgValue>
</bind>
</comp>

<comp id="110" class="1001" name="const_110">
<pin_list>
<pin id="111" dir="1" index="0" bw="1" slack="2147483647"/>
</pin_list>
<bind>
<StgValue><ssdm name=""/></StgValue>
</bind>
</comp>

<comp id="112" class="1001" name="const_112">
<pin_list>
<pin id="113" dir="1" index="0" bw="1" slack="2147483647"/>
</pin_list>
<bind>
<StgValue><ssdm name=""/></StgValue>
</bind>
</comp>

<comp id="114" class="1001" name="const_114">
<pin_list>
<pin id="115" dir="1" index="0" bw="1" slack="2147483647"/>
</pin_list>
<bind>
<StgValue><ssdm name=""/></StgValue>
</bind>
</comp>

<comp id="116" class="1001" name="const_116">
<pin_list>
<pin id="117" dir="1" index="0" bw="1" slack="2147483647"/>
</pin_list>
<bind>
<StgValue><ssdm name=""/></StgValue>
</bind>
</comp>

<comp id="118" class="1001" name="const_118">
<pin_list>
<pin id="119" dir="1" index="0" bw="1" slack="2147483647"/>
</pin_list>
<bind>
<StgValue><ssdm name=""/></StgValue>
</bind>
</comp>

<comp id="120" class="1001" name="const_120">
<pin_list>
<pin id="121" dir="1" index="0" bw="1" slack="0"/>
</pin_list>
<bind>
<StgValue><ssdm name="_ssdm_op_Read.ap_hs.i8P"/></StgValue>
</bind>
</comp>

<comp id="122" class="1001" name="const_122">
<pin_list>
<pin id="123" dir="1" index="0" bw="1" slack="0"/>
</pin_list>
<bind>
<StgValue><ssdm name="_ssdm_op_PartSelect.i28.i32.i32.i32"/></StgValue>
</bind>
</comp>

<comp id="124" class="1001" name="const_124">
<pin_list>
<pin id="125" dir="1" index="0" bw="1" slack="0"/>
</pin_list>
<bind>
<StgValue><ssdm name=""/></StgValue>
</bind>
</comp>

<comp id="126" class="1001" name="const_126">
<pin_list>
<pin id="127" dir="1" index="0" bw="1" slack="0"/>
</pin_list>
<bind>
<StgValue><ssdm name=""/></StgValue>
</bind>
</comp>

<comp id="128" class="1001" name="const_128">
<pin_list>
<pin id="129" dir="1" index="0" bw="1" slack="0"/>
</pin_list>
<bind>
<StgValue><ssdm name=""/></StgValue>
</bind>
</comp>

<comp id="130" class="1004" name="grp_readreq_fu_130">
<pin_list>
<pin id="131" dir="0" index="0" bw="1" slack="0"/>
<pin id="132" dir="0" index="1" bw="8" slack="0"/>
<pin id="133" dir="0" index="2" bw="1" slack="0"/>
<pin id="134" dir="1" index="3" bw="1" slack="2147483647"/>
</pin_list>
<bind>
<opcode="readreq(1154) " fcode="readreq"/>
<opset="ddr_load_req/2 "/>
</bind>
</comp>

<comp id="137" class="1004" name="stg_47_write_fu_137">
<pin_list>
<pin id="138" dir="0" index="0" bw="0" slack="0"/>
<pin id="139" dir="0" index="1" bw="32" slack="0"/>
<pin id="140" dir="0" index="2" bw="32" slack="0"/>
<pin id="141" dir="1" index="3" bw="0" slack="2147483647"/>
</pin_list>
<bind>
<opcode="write(1151) " fcode="write"/>
<opset="stg_47/2 "/>
</bind>
</comp>

<comp id="144" class="1004" name="ddr_addr_read_read_fu_144">
<pin_list>
<pin id="145" dir="0" index="0" bw="8" slack="0"/>
<pin id="146" dir="0" index="1" bw="8" slack="1"/>
<pin id="147" dir="1" index="2" bw="8" slack="1"/>
</pin_list>
<bind>
<opcode="read(1150) " fcode="read"/>
<opset="ddr_addr_read/3 "/>
</bind>
</comp>

<comp id="149" class="1004" name="search_string_15_read_read_fu_149">
<pin_list>
<pin id="150" dir="0" index="0" bw="8" slack="0"/>
<pin id="151" dir="0" index="1" bw="8" slack="0"/>
<pin id="152" dir="1" index="2" bw="8" slack="1"/>
</pin_list>
<bind>
<opcode="read(1150) " fcode="read"/>
<opset="search_string_15_read/3 "/>
</bind>
</comp>

<comp id="155" class="1004" name="search_string_14_read_read_fu_155">
<pin_list>
<pin id="156" dir="0" index="0" bw="8" slack="0"/>
<pin id="157" dir="0" index="1" bw="8" slack="0"/>
<pin id="158" dir="1" index="2" bw="8" slack="1"/>
</pin_list>
<bind>
<opcode="read(1150) " fcode="read"/>
<opset="search_string_14_read/3 "/>
</bind>
</comp>

<comp id="161" class="1004" name="search_string_13_read_read_fu_161">
<pin_list>
<pin id="162" dir="0" index="0" bw="8" slack="0"/>
<pin id="163" dir="0" index="1" bw="8" slack="0"/>
<pin id="164" dir="1" index="2" bw="8" slack="1"/>
</pin_list>
<bind>
<opcode="read(1150) " fcode="read"/>
<opset="search_string_13_read/3 "/>
</bind>
</comp>

<comp id="167" class="1004" name="search_string_12_read_read_fu_167">
<pin_list>
<pin id="168" dir="0" index="0" bw="8" slack="0"/>
<pin id="169" dir="0" index="1" bw="8" slack="0"/>
<pin id="170" dir="1" index="2" bw="8" slack="1"/>
</pin_list>
<bind>
<opcode="read(1150) " fcode="read"/>
<opset="search_string_12_read/3 "/>
</bind>
</comp>

<comp id="173" class="1004" name="search_string_11_read_read_fu_173">
<pin_list>
<pin id="174" dir="0" index="0" bw="8" slack="0"/>
<pin id="175" dir="0" index="1" bw="8" slack="0"/>
<pin id="176" dir="1" index="2" bw="8" slack="1"/>
</pin_list>
<bind>
<opcode="read(1150) " fcode="read"/>
<opset="search_string_11_read/3 "/>
</bind>
</comp>

<comp id="179" class="1004" name="search_string_10_read_read_fu_179">
<pin_list>
<pin id="180" dir="0" index="0" bw="8" slack="0"/>
<pin id="181" dir="0" index="1" bw="8" slack="0"/>
<pin id="182" dir="1" index="2" bw="8" slack="1"/>
</pin_list>
<bind>
<opcode="read(1150) " fcode="read"/>
<opset="search_string_10_read/3 "/>
</bind>
</comp>

<comp id="185" class="1004" name="search_string_9_read_read_fu_185">
<pin_list>
<pin id="186" dir="0" index="0" bw="8" slack="0"/>
<pin id="187" dir="0" index="1" bw="8" slack="0"/>
<pin id="188" dir="1" index="2" bw="8" slack="1"/>
</pin_list>
<bind>
<opcode="read(1150) " fcode="read"/>
<opset="search_string_9_read/3 "/>
</bind>
</comp>

<comp id="191" class="1004" name="search_string_8_read_read_fu_191">
<pin_list>
<pin id="192" dir="0" index="0" bw="8" slack="0"/>
<pin id="193" dir="0" index="1" bw="8" slack="0"/>
<pin id="194" dir="1" index="2" bw="8" slack="1"/>
</pin_list>
<bind>
<opcode="read(1150) " fcode="read"/>
<opset="search_string_8_read/3 "/>
</bind>
</comp>

<comp id="197" class="1004" name="search_string_7_read_read_fu_197">
<pin_list>
<pin id="198" dir="0" index="0" bw="8" slack="0"/>
<pin id="199" dir="0" index="1" bw="8" slack="0"/>
<pin id="200" dir="1" index="2" bw="8" slack="1"/>
</pin_list>
<bind>
<opcode="read(1150) " fcode="read"/>
<opset="search_string_7_read/3 "/>
</bind>
</comp>

<comp id="203" class="1004" name="search_string_6_read_read_fu_203">
<pin_list>
<pin id="204" dir="0" index="0" bw="8" slack="0"/>
<pin id="205" dir="0" index="1" bw="8" slack="0"/>
<pin id="206" dir="1" index="2" bw="8" slack="1"/>
</pin_list>
<bind>
<opcode="read(1150) " fcode="read"/>
<opset="search_string_6_read/3 "/>
</bind>
</comp>

<comp id="209" class="1004" name="search_string_5_read_read_fu_209">
<pin_list>
<pin id="210" dir="0" index="0" bw="8" slack="0"/>
<pin id="211" dir="0" index="1" bw="8" slack="0"/>
<pin id="212" dir="1" index="2" bw="8" slack="1"/>
</pin_list>
<bind>
<opcode="read(1150) " fcode="read"/>
<opset="search_string_5_read/3 "/>
</bind>
</comp>

<comp id="215" class="1004" name="search_string_4_read_read_fu_215">
<pin_list>
<pin id="216" dir="0" index="0" bw="8" slack="0"/>
<pin id="217" dir="0" index="1" bw="8" slack="0"/>
<pin id="218" dir="1" index="2" bw="8" slack="1"/>
</pin_list>
<bind>
<opcode="read(1150) " fcode="read"/>
<opset="search_string_4_read/3 "/>
</bind>
</comp>

<comp id="221" class="1004" name="search_string_3_read_read_fu_221">
<pin_list>
<pin id="222" dir="0" index="0" bw="8" slack="0"/>
<pin id="223" dir="0" index="1" bw="8" slack="0"/>
<pin id="224" dir="1" index="2" bw="8" slack="1"/>
</pin_list>
<bind>
<opcode="read(1150) " fcode="read"/>
<opset="search_string_3_read/3 "/>
</bind>
</comp>

<comp id="227" class="1004" name="search_string_2_read_read_fu_227">
<pin_list>
<pin id="228" dir="0" index="0" bw="8" slack="0"/>
<pin id="229" dir="0" index="1" bw="8" slack="0"/>
<pin id="230" dir="1" index="2" bw="8" slack="1"/>
</pin_list>
<bind>
<opcode="read(1150) " fcode="read"/>
<opset="search_string_2_read/3 "/>
</bind>
</comp>

<comp id="233" class="1004" name="search_string_1_read_read_fu_233">
<pin_list>
<pin id="234" dir="0" index="0" bw="8" slack="0"/>
<pin id="235" dir="0" index="1" bw="8" slack="0"/>
<pin id="236" dir="1" index="2" bw="8" slack="1"/>
</pin_list>
<bind>
<opcode="read(1150) " fcode="read"/>
<opset="search_string_1_read/3 "/>
</bind>
</comp>

<comp id="239" class="1004" name="search_string_0_read_read_fu_239">
<pin_list>
<pin id="240" dir="0" index="0" bw="8" slack="0"/>
<pin id="241" dir="0" index="1" bw="8" slack="0"/>
<pin id="242" dir="1" index="2" bw="8" slack="1"/>
</pin_list>
<bind>
<opcode="read(1150) " fcode="read"/>
<opset="search_string_0_read/3 "/>
</bind>
</comp>

<comp id="245" class="1004" name="search_string_16_read_read_fu_245">
<pin_list>
<pin id="246" dir="0" index="0" bw="8" slack="0"/>
<pin id="247" dir="0" index="1" bw="8" slack="0"/>
<pin id="248" dir="1" index="2" bw="8" slack="1"/>
</pin_list>
<bind>
<opcode="read(1150) " fcode="read"/>
<opset="search_string_16_read/3 "/>
</bind>
</comp>

<comp id="251" class="1005" name="count_reg_251">
<pin_list>
<pin id="252" dir="0" index="0" bw="32" slack="1"/>
<pin id="253" dir="1" index="1" bw="32" slack="1"/>
</pin_list>
<bind>
<opset="count (phireg) "/>
</bind>
</comp>

<comp id="255" class="1004" name="count_phi_fu_255">
<pin_list>
<pin id="256" dir="0" index="0" bw="1" slack="1"/>
<pin id="257" dir="0" index="1" bw="0" slack="2147483647"/>
<pin id="258" dir="0" index="2" bw="32" slack="1"/>
<pin id="259" dir="0" index="3" bw="0" slack="2147483647"/>
<pin id="260" dir="1" index="4" bw="32" slack="2"/>
</pin_list>
<bind>
<opcode="phi(47) " fcode="phi"/>
<opset="count/2 "/>
</bind>
</comp>

<comp id="263" class="1005" name="search_index_reg_263">
<pin_list>
<pin id="264" dir="0" index="0" bw="32" slack="1"/>
<pin id="265" dir="1" index="1" bw="32" slack="1"/>
</pin_list>
<bind>
<opset="search_index (phireg) "/>
</bind>
</comp>

<comp id="267" class="1004" name="search_index_phi_fu_267">
<pin_list>
<pin id="268" dir="0" index="0" bw="1" slack="1"/>
<pin id="269" dir="0" index="1" bw="0" slack="2147483647"/>
<pin id="270" dir="0" index="2" bw="32" slack="1"/>
<pin id="271" dir="0" index="3" bw="0" slack="2147483647"/>
<pin id="272" dir="1" index="4" bw="32" slack="1"/>
</pin_list>
<bind>
<opcode="phi(47) " fcode="phi"/>
<opset="search_index/2 "/>
</bind>
</comp>

<comp id="275" class="1005" name="tmp_reg_275">
<pin_list>
<pin id="276" dir="0" index="0" bw="32" slack="1"/>
<pin id="277" dir="1" index="1" bw="32" slack="1"/>
</pin_list>
<bind>
<opset="tmp (phireg) "/>
</bind>
</comp>

<comp id="279" class="1004" name="tmp_phi_fu_279">
<pin_list>
<pin id="280" dir="0" index="0" bw="1" slack="1"/>
<pin id="281" dir="0" index="1" bw="0" slack="2147483647"/>
<pin id="282" dir="0" index="2" bw="32" slack="1"/>
<pin id="283" dir="0" index="3" bw="0" slack="2147483647"/>
<pin id="284" dir="1" index="4" bw="32" slack="0"/>
</pin_list>
<bind>
<opcode="phi(47) " fcode="phi"/>
<opset="tmp/2 "/>
</bind>
</comp>

<comp id="288" class="1005" name="j_reg_288">
<pin_list>
<pin id="289" dir="0" index="0" bw="31" slack="1"/>
<pin id="290" dir="1" index="1" bw="31" slack="1"/>
</pin_list>
<bind>
<opset="j (phireg) "/>
</bind>
</comp>

<comp id="292" class="1004" name="j_phi_fu_292">
<pin_list>
<pin id="293" dir="0" index="0" bw="1" slack="1"/>
<pin id="294" dir="0" index="1" bw="0" slack="2147483647"/>
<pin id="295" dir="0" index="2" bw="31" slack="0"/>
<pin id="296" dir="0" index="3" bw="0" slack="2147483647"/>
<pin id="297" dir="1" index="4" bw="31" slack="0"/>
</pin_list>
<bind>
<opcode="phi(47) " fcode="phi"/>
<opset="j/2 "/>
</bind>
</comp>

<comp id="299" class="1005" name="search_string_load_phi_reg_299">
<pin_list>
<pin id="300" dir="0" index="0" bw="8" slack="2147483647"/>
<pin id="301" dir="1" index="1" bw="8" slack="2147483647"/>
</pin_list>
<bind>
<opset="search_string_load_phi (phireg) "/>
</bind>
</comp>

<comp id="302" class="1004" name="search_string_load_phi_phi_fu_302">
<pin_list>
<pin id="303" dir="0" index="0" bw="8" slack="1"/>
<pin id="304" dir="0" index="1" bw="0" slack="2147483647"/>
<pin id="305" dir="0" index="2" bw="8" slack="1"/>
<pin id="306" dir="0" index="3" bw="0" slack="2147483647"/>
<pin id="307" dir="0" index="4" bw="8" slack="1"/>
<pin id="308" dir="0" index="5" bw="0" slack="2147483647"/>
<pin id="309" dir="0" index="6" bw="8" slack="1"/>
<pin id="310" dir="0" index="7" bw="0" slack="2147483647"/>
<pin id="311" dir="0" index="8" bw="8" slack="1"/>
<pin id="312" dir="0" index="9" bw="0" slack="2147483647"/>
<pin id="313" dir="0" index="10" bw="8" slack="1"/>
<pin id="314" dir="0" index="11" bw="0" slack="2147483647"/>
<pin id="315" dir="0" index="12" bw="8" slack="1"/>
<pin id="316" dir="0" index="13" bw="0" slack="2147483647"/>
<pin id="317" dir="0" index="14" bw="8" slack="1"/>
<pin id="318" dir="0" index="15" bw="0" slack="2147483647"/>
<pin id="319" dir="0" index="16" bw="8" slack="1"/>
<pin id="320" dir="0" index="17" bw="0" slack="2147483647"/>
<pin id="321" dir="0" index="18" bw="8" slack="1"/>
<pin id="322" dir="0" index="19" bw="0" slack="2147483647"/>
<pin id="323" dir="0" index="20" bw="8" slack="1"/>
<pin id="324" dir="0" index="21" bw="0" slack="2147483647"/>
<pin id="325" dir="0" index="22" bw="8" slack="1"/>
<pin id="326" dir="0" index="23" bw="0" slack="2147483647"/>
<pin id="327" dir="0" index="24" bw="8" slack="1"/>
<pin id="328" dir="0" index="25" bw="0" slack="2147483647"/>
<pin id="329" dir="0" index="26" bw="8" slack="1"/>
<pin id="330" dir="0" index="27" bw="0" slack="2147483647"/>
<pin id="331" dir="0" index="28" bw="8" slack="1"/>
<pin id="332" dir="0" index="29" bw="0" slack="2147483647"/>
<pin id="333" dir="0" index="30" bw="8" slack="1"/>
<pin id="334" dir="0" index="31" bw="0" slack="2147483647"/>
<pin id="335" dir="0" index="32" bw="8" slack="1"/>
<pin id="336" dir="0" index="33" bw="0" slack="2147483647"/>
<pin id="337" dir="1" index="34" bw="8" slack="0"/>
</pin_list>
<bind>
<opcode="phi(47) " fcode="phi"/>
<opset="search_string_load_phi/4 "/>
</bind>
</comp>

<comp id="339" class="1004" name="exitcond1_fu_339">
<pin_list>
<pin id="340" dir="0" index="0" bw="31" slack="0"/>
<pin id="341" dir="0" index="1" bw="31" slack="0"/>
<pin id="342" dir="1" index="2" bw="1" slack="2147483647"/>
</pin_list>
<bind>
<opcode="icmp(45) " fcode="icmp"/>
<opset="exitcond1/2 "/>
</bind>
</comp>

<comp id="345" class="1004" name="tmp_8_fu_345">
<pin_list>
<pin id="346" dir="0" index="0" bw="31" slack="0"/>
<pin id="347" dir="0" index="1" bw="1" slack="0"/>
<pin id="348" dir="1" index="2" bw="31" slack="0"/>
</pin_list>
<bind>
<opcode="add(8) " fcode="add"/>
<opset="tmp_8/2 "/>
</bind>
</comp>

<comp id="351" class="1004" name="tmp_1_fu_351">
<pin_list>
<pin id="352" dir="0" index="0" bw="31" slack="0"/>
<pin id="353" dir="1" index="1" bw="64" slack="0"/>
</pin_list>
<bind>
<opcode="zext(34) " fcode="zext"/>
<opset="tmp_1/2 "/>
</bind>
</comp>

<comp id="355" class="1004" name="ddr_addr_fu_355">
<pin_list>
<pin id="356" dir="0" index="0" bw="32" slack="0"/>
<pin id="357" dir="0" index="1" bw="32" slack="0"/>
<pin id="358" dir="1" index="2" bw="32" slack="0"/>
</pin_list>
<bind>
<opcode="getelementptr(29) " fcode="getelementptr"/>
<opset="ddr_addr/2 "/>
</bind>
</comp>

<comp id="362" class="1004" name="tmp_2_fu_362">
<pin_list>
<pin id="363" dir="0" index="0" bw="32" slack="1"/>
<pin id="364" dir="1" index="1" bw="5" slack="2147483647"/>
</pin_list>
<bind>
<opcode="trunc(33) " fcode="trunc"/>
<opset="tmp_2/3 "/>
</bind>
</comp>

<comp id="366" class="1004" name="tmp_3_fu_366">
<pin_list>
<pin id="367" dir="0" index="0" bw="8" slack="1"/>
<pin id="368" dir="0" index="1" bw="8" slack="0"/>
<pin id="369" dir="1" index="2" bw="1" slack="0"/>
</pin_list>
<bind>
<opcode="icmp(45) " fcode="icmp"/>
<opset="tmp_3/4 "/>
</bind>
</comp>

<comp id="371" class="1004" name="tmp_4_fu_371">
<pin_list>
<pin id="372" dir="0" index="0" bw="32" slack="2"/>
<pin id="373" dir="0" index="1" bw="1" slack="0"/>
<pin id="374" dir="1" index="2" bw="32" slack="0"/>
</pin_list>
<bind>
<opcode="add(8) " fcode="add"/>
<opset="tmp_4/4 "/>
</bind>
</comp>

<comp id="377" class="1004" name="search_index_0_fu_377">
<pin_list>
<pin id="378" dir="0" index="0" bw="1" slack="0"/>
<pin id="379" dir="0" index="1" bw="32" slack="0"/>
<pin id="380" dir="0" index="2" bw="32" slack="0"/>
<pin id="381" dir="1" index="3" bw="32" slack="0"/>
</pin_list>
<bind>
<opcode="select(49) " fcode="select"/>
<opset="search_index_0/4 "/>
</bind>
</comp>

<comp id="385" class="1004" name="tmp_5_fu_385">
<pin_list>
<pin id="386" dir="0" index="0" bw="28" slack="0"/>
<pin id="387" dir="0" index="1" bw="32" slack="0"/>
<pin id="388" dir="0" index="2" bw="4" slack="0"/>
<pin id="389" dir="0" index="3" bw="6" slack="0"/>
<pin id="390" dir="1" index="4" bw="28" slack="0"/>
</pin_list>
<bind>
<opcode="partselect(1002) " fcode="partselect"/>
<opset="tmp_5/4 "/>
</bind>
</comp>

<comp id="395" class="1004" name="icmp_fu_395">
<pin_list>
<pin id="396" dir="0" index="0" bw="28" slack="0"/>
<pin id="397" dir="0" index="1" bw="28" slack="0"/>
<pin id="398" dir="1" index="2" bw="1" slack="0"/>
</pin_list>
<bind>
<opcode="icmp(45) " fcode="icmp"/>
<opset="icmp/4 "/>
</bind>
</comp>

<comp id="401" class="1004" name="count_0_fu_401">
<pin_list>
<pin id="402" dir="0" index="0" bw="32" slack="2"/>
<pin id="403" dir="0" index="1" bw="1" slack="0"/>
<pin id="404" dir="1" index="2" bw="32" slack="0"/>
</pin_list>
<bind>
<opcode="add(8) " fcode="add"/>
<opset="count_0/4 "/>
</bind>
</comp>

<comp id="407" class="1004" name="count_0_1_fu_407">
<pin_list>
<pin id="408" dir="0" index="0" bw="1" slack="0"/>
<pin id="409" dir="0" index="1" bw="32" slack="0"/>
<pin id="410" dir="0" index="2" bw="32" slack="2"/>
<pin id="411" dir="1" index="3" bw="32" slack="1"/>
</pin_list>
<bind>
<opcode="select(49) " fcode="select"/>
<opset="count_0_1/4 "/>
</bind>
</comp>

<comp id="415" class="1004" name="search_index_0_1_fu_415">
<pin_list>
<pin id="416" dir="0" index="0" bw="1" slack="0"/>
<pin id="417" dir="0" index="1" bw="32" slack="0"/>
<pin id="418" dir="0" index="2" bw="32" slack="0"/>
<pin id="419" dir="1" index="3" bw="32" slack="1"/>
</pin_list>
<bind>
<opcode="select(49) " fcode="select"/>
<opset="search_index_0_1/4 "/>
</bind>
</comp>

<comp id="423" class="1004" name="count_0_2_fu_423">
<pin_list>
<pin id="424" dir="0" index="0" bw="1" slack="0"/>
<pin id="425" dir="0" index="1" bw="32" slack="0"/>
<pin id="426" dir="0" index="2" bw="32" slack="2"/>
<pin id="427" dir="1" index="3" bw="32" slack="1"/>
</pin_list>
<bind>
<opcode="select(49) " fcode="select"/>
<opset="count_0_2/4 "/>
</bind>
</comp>

<comp id="434" class="1005" name="tmp_8_reg_434">
<pin_list>
<pin id="435" dir="0" index="0" bw="31" slack="0"/>
<pin id="436" dir="1" index="1" bw="31" slack="0"/>
</pin_list>
<bind>
<opset="tmp_8 "/>
</bind>
</comp>

<comp id="439" class="1005" name="ddr_addr_reg_439">
<pin_list>
<pin id="440" dir="0" index="0" bw="8" slack="1"/>
<pin id="441" dir="1" index="1" bw="8" slack="1"/>
</pin_list>
<bind>
<opset="ddr_addr "/>
</bind>
</comp>

<comp id="445" class="1005" name="ddr_addr_read_reg_445">
<pin_list>
<pin id="446" dir="0" index="0" bw="8" slack="1"/>
<pin id="447" dir="1" index="1" bw="8" slack="1"/>
</pin_list>
<bind>
<opset="ddr_addr_read "/>
</bind>
</comp>

<comp id="453" class="1005" name="search_string_15_read_reg_453">
<pin_list>
<pin id="454" dir="0" index="0" bw="8" slack="1"/>
<pin id="455" dir="1" index="1" bw="8" slack="1"/>
</pin_list>
<bind>
<opset="search_string_15_read "/>
</bind>
</comp>

<comp id="458" class="1005" name="search_string_14_read_reg_458">
<pin_list>
<pin id="459" dir="0" index="0" bw="8" slack="1"/>
<pin id="460" dir="1" index="1" bw="8" slack="1"/>
</pin_list>
<bind>
<opset="search_string_14_read "/>
</bind>
</comp>

<comp id="463" class="1005" name="search_string_13_read_reg_463">
<pin_list>
<pin id="464" dir="0" index="0" bw="8" slack="1"/>
<pin id="465" dir="1" index="1" bw="8" slack="1"/>
</pin_list>
<bind>
<opset="search_string_13_read "/>
</bind>
</comp>

<comp id="468" class="1005" name="search_string_12_read_reg_468">
<pin_list>
<pin id="469" dir="0" index="0" bw="8" slack="1"/>
<pin id="470" dir="1" index="1" bw="8" slack="1"/>
</pin_list>
<bind>
<opset="search_string_12_read "/>
</bind>
</comp>

<comp id="473" class="1005" name="search_string_11_read_reg_473">
<pin_list>
<pin id="474" dir="0" index="0" bw="8" slack="1"/>
<pin id="475" dir="1" index="1" bw="8" slack="1"/>
</pin_list>
<bind>
<opset="search_string_11_read "/>
</bind>
</comp>

<comp id="478" class="1005" name="search_string_10_read_reg_478">
<pin_list>
<pin id="479" dir="0" index="0" bw="8" slack="1"/>
<pin id="480" dir="1" index="1" bw="8" slack="1"/>
</pin_list>
<bind>
<opset="search_string_10_read "/>
</bind>
</comp>

<comp id="483" class="1005" name="search_string_9_read_reg_483">
<pin_list>
<pin id="484" dir="0" index="0" bw="8" slack="1"/>
<pin id="485" dir="1" index="1" bw="8" slack="1"/>
</pin_list>
<bind>
<opset="search_string_9_read "/>
</bind>
</comp>

<comp id="488" class="1005" name="search_string_8_read_reg_488">
<pin_list>
<pin id="489" dir="0" index="0" bw="8" slack="1"/>
<pin id="490" dir="1" index="1" bw="8" slack="1"/>
</pin_list>
<bind>
<opset="search_string_8_read "/>
</bind>
</comp>

<comp id="493" class="1005" name="search_string_7_read_reg_493">
<pin_list>
<pin id="494" dir="0" index="0" bw="8" slack="1"/>
<pin id="495" dir="1" index="1" bw="8" slack="1"/>
</pin_list>
<bind>
<opset="search_string_7_read "/>
</bind>
</comp>

<comp id="498" class="1005" name="search_string_6_read_reg_498">
<pin_list>
<pin id="499" dir="0" index="0" bw="8" slack="1"/>
<pin id="500" dir="1" index="1" bw="8" slack="1"/>
</pin_list>
<bind>
<opset="search_string_6_read "/>
</bind>
</comp>

<comp id="503" class="1005" name="search_string_5_read_reg_503">
<pin_list>
<pin id="504" dir="0" index="0" bw="8" slack="1"/>
<pin id="505" dir="1" index="1" bw="8" slack="1"/>
</pin_list>
<bind>
<opset="search_string_5_read "/>
</bind>
</comp>

<comp id="508" class="1005" name="search_string_4_read_reg_508">
<pin_list>
<pin id="509" dir="0" index="0" bw="8" slack="1"/>
<pin id="510" dir="1" index="1" bw="8" slack="1"/>
</pin_list>
<bind>
<opset="search_string_4_read "/>
</bind>
</comp>

<comp id="513" class="1005" name="search_string_3_read_reg_513">
<pin_list>
<pin id="514" dir="0" index="0" bw="8" slack="1"/>
<pin id="515" dir="1" index="1" bw="8" slack="1"/>
</pin_list>
<bind>
<opset="search_string_3_read "/>
</bind>
</comp>

<comp id="518" class="1005" name="search_string_2_read_reg_518">
<pin_list>
<pin id="519" dir="0" index="0" bw="8" slack="1"/>
<pin id="520" dir="1" index="1" bw="8" slack="1"/>
</pin_list>
<bind>
<opset="search_string_2_read "/>
</bind>
</comp>

<comp id="523" class="1005" name="search_string_1_read_reg_523">
<pin_list>
<pin id="524" dir="0" index="0" bw="8" slack="1"/>
<pin id="525" dir="1" index="1" bw="8" slack="1"/>
</pin_list>
<bind>
<opset="search_string_1_read "/>
</bind>
</comp>

<comp id="528" class="1005" name="search_string_0_read_reg_528">
<pin_list>
<pin id="529" dir="0" index="0" bw="8" slack="1"/>
<pin id="530" dir="1" index="1" bw="8" slack="1"/>
</pin_list>
<bind>
<opset="search_string_0_read "/>
</bind>
</comp>

<comp id="533" class="1005" name="search_string_16_read_reg_533">
<pin_list>
<pin id="534" dir="0" index="0" bw="8" slack="1"/>
<pin id="535" dir="1" index="1" bw="8" slack="1"/>
</pin_list>
<bind>
<opset="search_string_16_read "/>
</bind>
</comp>

<comp id="538" class="1005" name="count_0_1_reg_538">
<pin_list>
<pin id="539" dir="0" index="0" bw="32" slack="1"/>
<pin id="540" dir="1" index="1" bw="32" slack="1"/>
</pin_list>
<bind>
<opset="count_0_1 "/>
</bind>
</comp>

<comp id="543" class="1005" name="search_index_0_1_reg_543">
<pin_list>
<pin id="544" dir="0" index="0" bw="32" slack="1"/>
<pin id="545" dir="1" index="1" bw="32" slack="1"/>
</pin_list>
<bind>
<opset="search_index_0_1 "/>
</bind>
</comp>

<comp id="548" class="1005" name="count_0_2_reg_548">
<pin_list>
<pin id="549" dir="0" index="0" bw="32" slack="1"/>
<pin id="550" dir="1" index="1" bw="32" slack="1"/>
</pin_list>
<bind>
<opset="count_0_2 "/>
</bind>
</comp>

</comp_list>

<net_list>
<net id="135"><net_src comp="76" pin="0"/><net_sink comp="130" pin=0"/></net>

<net id="136"><net_src comp="78" pin="0"/><net_sink comp="130" pin=2"/></net>

<net id="142"><net_src comp="82" pin="0"/><net_sink comp="137" pin=0"/></net>

<net id="143"><net_src comp="36" pin="0"/><net_sink comp="137" pin=1"/></net>

<net id="148"><net_src comp="86" pin="0"/><net_sink comp="144" pin=0"/></net>

<net id="153"><net_src comp="120" pin="0"/><net_sink comp="149" pin=0"/></net>

<net id="154"><net_src comp="32" pin="0"/><net_sink comp="149" pin=1"/></net>

<net id="159"><net_src comp="120" pin="0"/><net_sink comp="155" pin=0"/></net>

<net id="160"><net_src comp="30" pin="0"/><net_sink comp="155" pin=1"/></net>

<net id="165"><net_src comp="120" pin="0"/><net_sink comp="161" pin=0"/></net>

<net id="166"><net_src comp="28" pin="0"/><net_sink comp="161" pin=1"/></net>

<net id="171"><net_src comp="120" pin="0"/><net_sink comp="167" pin=0"/></net>

<net id="172"><net_src comp="26" pin="0"/><net_sink comp="167" pin=1"/></net>

<net id="177"><net_src comp="120" pin="0"/><net_sink comp="173" pin=0"/></net>

<net id="178"><net_src comp="24" pin="0"/><net_sink comp="173" pin=1"/></net>

<net id="183"><net_src comp="120" pin="0"/><net_sink comp="179" pin=0"/></net>

<net id="184"><net_src comp="22" pin="0"/><net_sink comp="179" pin=1"/></net>

<net id="189"><net_src comp="120" pin="0"/><net_sink comp="185" pin=0"/></net>

<net id="190"><net_src comp="20" pin="0"/><net_sink comp="185" pin=1"/></net>

<net id="195"><net_src comp="120" pin="0"/><net_sink comp="191" pin=0"/></net>

<net id="196"><net_src comp="18" pin="0"/><net_sink comp="191" pin=1"/></net>

<net id="201"><net_src comp="120" pin="0"/><net_sink comp="197" pin=0"/></net>

<net id="202"><net_src comp="16" pin="0"/><net_sink comp="197" pin=1"/></net>

<net id="207"><net_src comp="120" pin="0"/><net_sink comp="203" pin=0"/></net>

<net id="208"><net_src comp="14" pin="0"/><net_sink comp="203" pin=1"/></net>

<net id="213"><net_src comp="120" pin="0"/><net_sink comp="209" pin=0"/></net>

<net id="214"><net_src comp="12" pin="0"/><net_sink comp="209" pin=1"/></net>

<net id="219"><net_src comp="120" pin="0"/><net_sink comp="215" pin=0"/></net>

<net id="220"><net_src comp="10" pin="0"/><net_sink comp="215" pin=1"/></net>

<net id="225"><net_src comp="120" pin="0"/><net_sink comp="221" pin=0"/></net>

<net id="226"><net_src comp="8" pin="0"/><net_sink comp="221" pin=1"/></net>

<net id="231"><net_src comp="120" pin="0"/><net_sink comp="227" pin=0"/></net>

<net id="232"><net_src comp="6" pin="0"/><net_sink comp="227" pin=1"/></net>

<net id="237"><net_src comp="120" pin="0"/><net_sink comp="233" pin=0"/></net>

<net id="238"><net_src comp="4" pin="0"/><net_sink comp="233" pin=1"/></net>

<net id="243"><net_src comp="120" pin="0"/><net_sink comp="239" pin=0"/></net>

<net id="244"><net_src comp="2" pin="0"/><net_sink comp="239" pin=1"/></net>

<net id="249"><net_src comp="120" pin="0"/><net_sink comp="245" pin=0"/></net>

<net id="250"><net_src comp="34" pin="0"/><net_sink comp="245" pin=1"/></net>

<net id="254"><net_src comp="50" pin="0"/><net_sink comp="251" pin=0"/></net>

<net id="261"><net_src comp="251" pin="1"/><net_sink comp="255" pin=0"/></net>

<net id="262"><net_src comp="255" pin="4"/><net_sink comp="251" pin=0"/></net>

<net id="266"><net_src comp="50" pin="0"/><net_sink comp="263" pin=0"/></net>

<net id="273"><net_src comp="263" pin="1"/><net_sink comp="267" pin=0"/></net>

<net id="274"><net_src comp="267" pin="4"/><net_sink comp="263" pin=0"/></net>

<net id="278"><net_src comp="50" pin="0"/><net_sink comp="275" pin=0"/></net>

<net id="285"><net_src comp="275" pin="1"/><net_sink comp="279" pin=0"/></net>

<net id="286"><net_src comp="279" pin="4"/><net_sink comp="137" pin=2"/></net>

<net id="287"><net_src comp="279" pin="4"/><net_sink comp="275" pin=0"/></net>

<net id="291"><net_src comp="66" pin="0"/><net_sink comp="288" pin=0"/></net>

<net id="298"><net_src comp="288" pin="1"/><net_sink comp="292" pin=0"/></net>

<net id="343"><net_src comp="292" pin="4"/><net_sink comp="339" pin=0"/></net>

<net id="344"><net_src comp="68" pin="0"/><net_sink comp="339" pin=1"/></net>

<net id="349"><net_src comp="292" pin="4"/><net_sink comp="345" pin=0"/></net>

<net id="350"><net_src comp="74" pin="0"/><net_sink comp="345" pin=1"/></net>

<net id="354"><net_src comp="292" pin="4"/><net_sink comp="351" pin=0"/></net>

<net id="359"><net_src comp="0" pin="0"/><net_sink comp="355" pin=0"/></net>

<net id="360"><net_src comp="351" pin="1"/><net_sink comp="355" pin=1"/></net>

<net id="361"><net_src comp="355" pin="2"/><net_sink comp="130" pin=1"/></net>

<net id="365"><net_src comp="263" pin="1"/><net_sink comp="362" pin=0"/></net>

<net id="370"><net_src comp="302" pin="34"/><net_sink comp="366" pin=1"/></net>

<net id="375"><net_src comp="263" pin="1"/><net_sink comp="371" pin=0"/></net>

<net id="376"><net_src comp="78" pin="0"/><net_sink comp="371" pin=1"/></net>

<net id="382"><net_src comp="366" pin="2"/><net_sink comp="377" pin=0"/></net>

<net id="383"><net_src comp="371" pin="2"/><net_sink comp="377" pin=1"/></net>

<net id="384"><net_src comp="50" pin="0"/><net_sink comp="377" pin=2"/></net>

<net id="391"><net_src comp="122" pin="0"/><net_sink comp="385" pin=0"/></net>

<net id="392"><net_src comp="377" pin="3"/><net_sink comp="385" pin=1"/></net>

<net id="393"><net_src comp="124" pin="0"/><net_sink comp="385" pin=2"/></net>

<net id="394"><net_src comp="126" pin="0"/><net_sink comp="385" pin=3"/></net>

<net id="399"><net_src comp="385" pin="4"/><net_sink comp="395" pin=0"/></net>

<net id="400"><net_src comp="128" pin="0"/><net_sink comp="395" pin=1"/></net>

<net id="405"><net_src comp="251" pin="1"/><net_sink comp="401" pin=0"/></net>

<net id="406"><net_src comp="78" pin="0"/><net_sink comp="401" pin=1"/></net>

<net id="412"><net_src comp="395" pin="2"/><net_sink comp="407" pin=0"/></net>

<net id="413"><net_src comp="401" pin="2"/><net_sink comp="407" pin=1"/></net>

<net id="414"><net_src comp="251" pin="1"/><net_sink comp="407" pin=2"/></net>

<net id="420"><net_src comp="395" pin="2"/><net_sink comp="415" pin=0"/></net>

<net id="421"><net_src comp="50" pin="0"/><net_sink comp="415" pin=1"/></net>

<net id="422"><net_src comp="377" pin="3"/><net_sink comp="415" pin=2"/></net>

<net id="428"><net_src comp="395" pin="2"/><net_sink comp="423" pin=0"/></net>

<net id="429"><net_src comp="401" pin="2"/><net_sink comp="423" pin=1"/></net>

<net id="430"><net_src comp="275" pin="1"/><net_sink comp="423" pin=2"/></net>

<net id="437"><net_src comp="345" pin="2"/><net_sink comp="434" pin=0"/></net>

<net id="438"><net_src comp="434" pin="1"/><net_sink comp="292" pin=2"/></net>

<net id="442"><net_src comp="355" pin="2"/><net_sink comp="439" pin=0"/></net>

<net id="443"><net_src comp="439" pin="1"/><net_sink comp="130" pin=1"/></net>

<net id="444"><net_src comp="439" pin="1"/><net_sink comp="144" pin=1"/></net>

<net id="448"><net_src comp="144" pin="2"/><net_sink comp="445" pin=0"/></net>

<net id="449"><net_src comp="445" pin="1"/><net_sink comp="366" pin=0"/></net>

<net id="456"><net_src comp="149" pin="2"/><net_sink comp="453" pin=0"/></net>

<net id="457"><net_src comp="453" pin="1"/><net_sink comp="302" pin=30"/></net>

<net id="461"><net_src comp="155" pin="2"/><net_sink comp="458" pin=0"/></net>

<net id="462"><net_src comp="458" pin="1"/><net_sink comp="302" pin=28"/></net>

<net id="466"><net_src comp="161" pin="2"/><net_sink comp="463" pin=0"/></net>

<net id="467"><net_src comp="463" pin="1"/><net_sink comp="302" pin=26"/></net>

<net id="471"><net_src comp="167" pin="2"/><net_sink comp="468" pin=0"/></net>

<net id="472"><net_src comp="468" pin="1"/><net_sink comp="302" pin=24"/></net>

<net id="476"><net_src comp="173" pin="2"/><net_sink comp="473" pin=0"/></net>

<net id="477"><net_src comp="473" pin="1"/><net_sink comp="302" pin=22"/></net>

<net id="481"><net_src comp="179" pin="2"/><net_sink comp="478" pin=0"/></net>

<net id="482"><net_src comp="478" pin="1"/><net_sink comp="302" pin=20"/></net>

<net id="486"><net_src comp="185" pin="2"/><net_sink comp="483" pin=0"/></net>

<net id="487"><net_src comp="483" pin="1"/><net_sink comp="302" pin=18"/></net>

<net id="491"><net_src comp="191" pin="2"/><net_sink comp="488" pin=0"/></net>

<net id="492"><net_src comp="488" pin="1"/><net_sink comp="302" pin=16"/></net>

<net id="496"><net_src comp="197" pin="2"/><net_sink comp="493" pin=0"/></net>

<net id="497"><net_src comp="493" pin="1"/><net_sink comp="302" pin=14"/></net>

<net id="501"><net_src comp="203" pin="2"/><net_sink comp="498" pin=0"/></net>

<net id="502"><net_src comp="498" pin="1"/><net_sink comp="302" pin=12"/></net>

<net id="506"><net_src comp="209" pin="2"/><net_sink comp="503" pin=0"/></net>

<net id="507"><net_src comp="503" pin="1"/><net_sink comp="302" pin=10"/></net>

<net id="511"><net_src comp="215" pin="2"/><net_sink comp="508" pin=0"/></net>

<net id="512"><net_src comp="508" pin="1"/><net_sink comp="302" pin=8"/></net>

<net id="516"><net_src comp="221" pin="2"/><net_sink comp="513" pin=0"/></net>

<net id="517"><net_src comp="513" pin="1"/><net_sink comp="302" pin=6"/></net>

<net id="521"><net_src comp="227" pin="2"/><net_sink comp="518" pin=0"/></net>

<net id="522"><net_src comp="518" pin="1"/><net_sink comp="302" pin=4"/></net>

<net id="526"><net_src comp="233" pin="2"/><net_sink comp="523" pin=0"/></net>

<net id="527"><net_src comp="523" pin="1"/><net_sink comp="302" pin=2"/></net>

<net id="531"><net_src comp="239" pin="2"/><net_sink comp="528" pin=0"/></net>

<net id="532"><net_src comp="528" pin="1"/><net_sink comp="302" pin=0"/></net>

<net id="536"><net_src comp="245" pin="2"/><net_sink comp="533" pin=0"/></net>

<net id="537"><net_src comp="533" pin="1"/><net_sink comp="302" pin=32"/></net>

<net id="541"><net_src comp="407" pin="3"/><net_sink comp="538" pin=0"/></net>

<net id="542"><net_src comp="538" pin="1"/><net_sink comp="255" pin=2"/></net>

<net id="546"><net_src comp="415" pin="3"/><net_sink comp="543" pin=0"/></net>

<net id="547"><net_src comp="543" pin="1"/><net_sink comp="267" pin=2"/></net>

<net id="551"><net_src comp="423" pin="3"/><net_sink comp="548" pin=0"/></net>

<net id="552"><net_src comp="548" pin="1"/><net_sink comp="279" pin=2"/></net>

</net_list>

</model> 
---------------- Datapath Model END ------------------

* FSMD analyzer results:
  - Output states:
	Port: count_out | {2 }
  - Chain level:
	State 1
	State 2
		exitcond1 : 1
		tmp_8 : 1
		stg_42 : 2
		tmp_1 : 1
		ddr_addr : 2
		ddr_load_req : 3
		stg_47 : 1
	State 3
		stg_52 : 1
	State 4
		tmp_3 : 1
		search_index_0 : 2
		tmp_5 : 3
		icmp : 4
		count_0_1 : 5
		search_index_0_1 : 5
		count_0_2 : 5


============================================================
+ Verbose Summary: Datapath Resource usage 
============================================================

* Functional unit list:
|----------|-----------------------------------|---------|---------|
| Operation|          Functional Unit          |    FF   |   LUT   |
|----------|-----------------------------------|---------|---------|
|          |       search_index_0_fu_377       |    0    |    32   |
|  select  |          count_0_1_fu_407         |    0    |    32   |
|          |      search_index_0_1_fu_415      |    0    |    32   |
|          |          count_0_2_fu_423         |    0    |    32   |
|----------|-----------------------------------|---------|---------|
|          |            tmp_8_fu_345           |    0    |    31   |
|    add   |            tmp_4_fu_371           |    0    |    32   |
|          |           count_0_fu_401          |    0    |    32   |
|----------|-----------------------------------|---------|---------|
|          |          exitcond1_fu_339         |    0    |    39   |
|   icmp   |            tmp_3_fu_366           |    0    |    8    |
|          |            icmp_fu_395            |    0    |    35   |
|----------|-----------------------------------|---------|---------|
|  readreq |         grp_readreq_fu_130        |    0    |    0    |
|----------|-----------------------------------|---------|---------|
|   write  |        stg_47_write_fu_137        |    0    |    0    |
|----------|-----------------------------------|---------|---------|
|          |     ddr_addr_read_read_fu_144     |    0    |    0    |
|          | search_string_15_read_read_fu_149 |    0    |    0    |
|          | search_string_14_read_read_fu_155 |    0    |    0    |
|          | search_string_13_read_read_fu_161 |    0    |    0    |
|          | search_string_12_read_read_fu_167 |    0    |    0    |
|          | search_string_11_read_read_fu_173 |    0    |    0    |
|          | search_string_10_read_read_fu_179 |    0    |    0    |
|          |  search_string_9_read_read_fu_185 |    0    |    0    |
|   read   |  search_string_8_read_read_fu_191 |    0    |    0    |
|          |  search_string_7_read_read_fu_197 |    0    |    0    |
|          |  search_string_6_read_read_fu_203 |    0    |    0    |
|          |  search_string_5_read_read_fu_209 |    0    |    0    |
|          |  search_string_4_read_read_fu_215 |    0    |    0    |
|          |  search_string_3_read_read_fu_221 |    0    |    0    |
|          |  search_string_2_read_read_fu_227 |    0    |    0    |
|          |  search_string_1_read_read_fu_233 |    0    |    0    |
|          |  search_string_0_read_read_fu_239 |    0    |    0    |
|          | search_string_16_read_read_fu_245 |    0    |    0    |
|----------|-----------------------------------|---------|---------|
|   zext   |            tmp_1_fu_351           |    0    |    0    |
|----------|-----------------------------------|---------|---------|
|   trunc  |            tmp_2_fu_362           |    0    |    0    |
|----------|-----------------------------------|---------|---------|
|partselect|            tmp_5_fu_385           |    0    |    0    |
|----------|-----------------------------------|---------|---------|
|   Total  |                                   |    0    |   305   |
|----------|-----------------------------------|---------|---------|

Memories:
N/A

* Register list:
+------------------------------+--------+
|                              |   FF   |
+------------------------------+--------+
|       count_0_1_reg_538      |   32   |
|       count_0_2_reg_548      |   32   |
|         count_reg_251        |   32   |
|     ddr_addr_read_reg_445    |    8   |
|       ddr_addr_reg_439       |    8   |
|           j_reg_288          |   31   |
|   search_index_0_1_reg_543   |   32   |
|     search_index_reg_263     |   32   |
| search_string_0_read_reg_528 |    8   |
| search_string_10_read_reg_478|    8   |
| search_string_11_read_reg_473|    8   |
| search_string_12_read_reg_468|    8   |
| search_string_13_read_reg_463|    8   |
| search_string_14_read_reg_458|    8   |
| search_string_15_read_reg_453|    8   |
| search_string_16_read_reg_533|    8   |
| search_string_1_read_reg_523 |    8   |
| search_string_2_read_reg_518 |    8   |
| search_string_3_read_reg_513 |    8   |
| search_string_4_read_reg_508 |    8   |
| search_string_5_read_reg_503 |    8   |
| search_string_6_read_reg_498 |    8   |
| search_string_7_read_reg_493 |    8   |
| search_string_8_read_reg_488 |    8   |
| search_string_9_read_reg_483 |    8   |
|search_string_load_phi_reg_299|    8   |
|         tmp_8_reg_434        |   31   |
|          tmp_reg_275         |   32   |
+------------------------------+--------+
|             Total            |   414  |
+------------------------------+--------+

* Multiplexer (MUX) list: 
|----------------------|------|------|------|--------||---------||---------|
|         Comp         |  Pin | Size |  BW  | S x BW ||  Delay  ||   LUT   |
|----------------------|------|------|------|--------||---------||---------|
|  grp_readreq_fu_130  |  p1  |   2  |   8  |   16   ||    8    |
|     count_reg_251    |  p0  |   2  |  32  |   64   ||    32   |
| search_index_reg_263 |  p0  |   2  |  32  |   64   ||    32   |
|      tmp_reg_275     |  p0  |   2  |  32  |   64   ||    32   |
|----------------------|------|------|------|--------||---------||---------|
|         Total        |      |      |      |   208  ||  6.119  ||   104   |
|----------------------|------|------|------|--------||---------||---------|



* Summary:
+-----------+--------+--------+--------+
|           |  Delay |   FF   |   LUT  |
+-----------+--------+--------+--------+
|  Function |    -   |    0   |   305  |
|   Memory  |    -   |    -   |    -   |
|Multiplexer|    6   |    -   |   104  |
|  Register |    -   |   414  |    -   |
+-----------+--------+--------+--------+
|   Total   |    6   |   414  |   409  |
+-----------+--------+--------+--------+
